2019-10-23 11:52:24.451  INFO 25666 --- [main] c.tycoding.SpringbootSeckillApplication  : Starting SpringbootSeckillApplication on G7 with PID 25666 (/home/wangjin/IdeaProjects/logistics-platform/target/classes started by wangjin in /home/wangjin/IdeaProjects/logistics-platform)
2019-10-23 11:52:24.452  INFO 25666 --- [main] c.tycoding.SpringbootSeckillApplication  : The following profiles are active: dev
2019-10-23 11:52:24.483  INFO 25666 --- [main] ConfigServletWebServerApplicationContext : Refreshing org.springframework.boot.web.servlet.context.AnnotationConfigServletWebServerApplicationContext@71e9ddb4: startup date [Wed Oct 23 11:52:24 CST 2019]; root of context hierarchy
2019-10-23 11:52:24.909  WARN 25666 --- [main] o.m.s.mapper.ClassPathMapperScanner      : No MyBatis mapper was found in '[cn.tycoding]' package. Please check your configuration.
2019-10-23 11:52:24.950  INFO 25666 --- [main] .s.d.r.c.RepositoryConfigurationDelegate : Multiple Spring Data modules found, entering strict repository configuration mode!
2019-10-23 11:52:24.983  INFO 25666 --- [main] .RepositoryConfigurationExtensionSupport : Spring Data JPA - Could not safely identify store assignment for repository candidate interface cn.tycoding.repository.FundsLogRepository.
2019-10-23 11:52:24.994  INFO 25666 --- [main] .RepositoryConfigurationExtensionSupport : Spring Data JPA - Could not safely identify store assignment for repository candidate interface cn.tycoding.repository.SysLogRepository.
2019-10-23 11:52:25.029  INFO 25666 --- [main] .s.d.r.c.RepositoryConfigurationDelegate : Multiple Spring Data modules found, entering strict repository configuration mode!
2019-10-23 11:52:25.033  INFO 25666 --- [main] .RepositoryConfigurationExtensionSupport : Spring Data MongoDB - Could not safely identify store assignment for repository candidate interface cn.tycoding.repository.BankAccountRepository.
2019-10-23 11:52:25.034  INFO 25666 --- [main] .RepositoryConfigurationExtensionSupport : Spring Data MongoDB - Could not safely identify store assignment for repository candidate interface cn.tycoding.repository.BidRepository.
2019-10-23 11:52:25.034  INFO 25666 --- [main] .RepositoryConfigurationExtensionSupport : Spring Data MongoDB - Could not safely identify store assignment for repository candidate interface cn.tycoding.repository.CargoRepository.
2019-10-23 11:52:25.035  INFO 25666 --- [main] .RepositoryConfigurationExtensionSupport : Spring Data MongoDB - Could not safely identify store assignment for repository candidate interface cn.tycoding.repository.InspectionRepository.
2019-10-23 11:52:25.035  INFO 25666 --- [main] .RepositoryConfigurationExtensionSupport : Spring Data MongoDB - Could not safely identify store assignment for repository candidate interface cn.tycoding.repository.InsuranceAccountRepository.
2019-10-23 11:52:25.036  INFO 25666 --- [main] .RepositoryConfigurationExtensionSupport : Spring Data MongoDB - Could not safely identify store assignment for repository candidate interface cn.tycoding.repository.PlatformRepository.
2019-10-23 11:52:25.036  INFO 25666 --- [main] .RepositoryConfigurationExtensionSupport : Spring Data MongoDB - Could not safely identify store assignment for repository candidate interface cn.tycoding.repository.ReceiverRepository.
2019-10-23 11:52:25.036  INFO 25666 --- [main] .RepositoryConfigurationExtensionSupport : Spring Data MongoDB - Could not safely identify store assignment for repository candidate interface cn.tycoding.repository.ShipperRepository.
2019-10-23 11:52:25.037  INFO 25666 --- [main] .RepositoryConfigurationExtensionSupport : Spring Data MongoDB - Could not safely identify store assignment for repository candidate interface cn.tycoding.repository.TruckRepository.
2019-10-23 11:52:25.037  INFO 25666 --- [main] .RepositoryConfigurationExtensionSupport : Spring Data MongoDB - Could not safely identify store assignment for repository candidate interface cn.tycoding.repository.UserRepository.
2019-10-23 11:52:25.224  INFO 25666 --- [main] f.a.AutowiredAnnotationBeanPostProcessor : JSR-330 'javax.inject.Inject' annotation found and supported for autowiring
2019-10-23 11:52:25.272  INFO 25666 --- [main] trationDelegate$BeanPostProcessorChecker : Bean 'org.springframework.amqp.rabbit.annotation.RabbitBootstrapConfiguration' of type [org.springframework.amqp.rabbit.annotation.RabbitBootstrapConfiguration$$EnhancerBySpringCGLIB$$1cc68dfd] is not eligible for getting processed by all BeanPostProcessors (for example: not eligible for auto-proxying)
2019-10-23 11:52:25.316  INFO 25666 --- [main] trationDelegate$BeanPostProcessorChecker : Bean 'org.springframework.transaction.annotation.ProxyTransactionManagementConfiguration' of type [org.springframework.transaction.annotation.ProxyTransactionManagementConfiguration$$EnhancerBySpringCGLIB$$565acfcf] is not eligible for getting processed by all BeanPostProcessors (for example: not eligible for auto-proxying)
2019-10-23 11:52:25.594  INFO 25666 --- [main] o.s.b.w.embedded.tomcat.TomcatWebServer  : Tomcat initialized with port(s): 8080 (http)
2019-10-23 11:52:25.604  INFO 25666 --- [main] o.apache.catalina.core.StandardService   : Starting service [Tomcat]
2019-10-23 11:52:25.605  INFO 25666 --- [main] org.apache.catalina.core.StandardEngine  : Starting Servlet Engine: Apache Tomcat/8.5.34
2019-10-23 11:52:25.607  INFO 25666 --- [localhost-startStop-1] o.a.catalina.core.AprLifecycleListener   : The APR based Apache Tomcat Native library which allows optimal performance in production environments was not found on the java.library.path: [/usr/java/packages/lib/amd64:/usr/lib/x86_64-linux-gnu/jni:/lib/x86_64-linux-gnu:/usr/lib/x86_64-linux-gnu:/usr/lib/jni:/lib:/usr/lib]
2019-10-23 11:52:25.710  INFO 25666 --- [localhost-startStop-1] org.apache.jasper.servlet.TldScanner     : At least one JAR was scanned for TLDs yet contained no TLDs. Enable debug logging for this logger for a complete list of JARs that were scanned but no TLDs were found in them. Skipping unneeded JARs during scanning can improve startup time and JSP compilation time.
2019-10-23 11:52:25.712  INFO 25666 --- [localhost-startStop-1] o.a.c.c.C.[Tomcat].[localhost].[/]       : Initializing Spring embedded WebApplicationContext
2019-10-23 11:52:25.712  INFO 25666 --- [localhost-startStop-1] o.s.web.context.ContextLoader            : Root WebApplicationContext: initialization completed in 1229 ms
2019-10-23 11:52:25.773  INFO 25666 --- [localhost-startStop-1] o.s.b.w.servlet.FilterRegistrationBean   : Mapping filter: 'characterEncodingFilter' to: [/*]
2019-10-23 11:52:25.773  INFO 25666 --- [localhost-startStop-1] o.s.b.w.servlet.FilterRegistrationBean   : Mapping filter: 'hiddenHttpMethodFilter' to: [/*]
2019-10-23 11:52:25.774  INFO 25666 --- [localhost-startStop-1] o.s.b.w.servlet.FilterRegistrationBean   : Mapping filter: 'httpPutFormContentFilter' to: [/*]
2019-10-23 11:52:25.774  INFO 25666 --- [localhost-startStop-1] o.s.b.w.servlet.FilterRegistrationBean   : Mapping filter: 'requestContextFilter' to: [/*]
2019-10-23 11:52:25.774  INFO 25666 --- [localhost-startStop-1] .s.DelegatingFilterProxyRegistrationBean : Mapping filter: 'springSecurityFilterChain' to: [/*]
2019-10-23 11:52:25.774  INFO 25666 --- [localhost-startStop-1] o.s.b.w.servlet.FilterRegistrationBean   : Mapping filter: 'webStatFilter' to urls: [/*]
2019-10-23 11:52:25.774  INFO 25666 --- [localhost-startStop-1] o.s.b.w.servlet.FilterRegistrationBean   : Mapping filter: 'corsFilter' to: [/*]
2019-10-23 11:52:25.774  INFO 25666 --- [localhost-startStop-1] o.s.b.w.servlet.ServletRegistrationBean  : Servlet dispatcherServlet mapped to [/]
2019-10-23 11:52:25.775  INFO 25666 --- [localhost-startStop-1] o.s.b.w.servlet.ServletRegistrationBean  : Servlet statViewServlet mapped to [/druid/*]
2019-10-23 11:52:25.796  INFO 25666 --- [main] c.a.d.s.b.a.DruidDataSourceAutoConfigure : Init DruidDataSource
2019-10-23 11:52:25.997  INFO 25666 --- [main] com.alibaba.druid.pool.DruidDataSource   : {dataSource-1} inited
2019-10-23 11:52:26.062  INFO 25666 --- [main] j.LocalContainerEntityManagerFactoryBean : Building JPA container EntityManagerFactory for persistence unit 'default'
2019-10-23 11:52:26.068  INFO 25666 --- [main] o.hibernate.jpa.internal.util.LogHelper  : HHH000204: Processing PersistenceUnitInfo [
	name: default
	...]
2019-10-23 11:52:26.095  INFO 25666 --- [main] org.hibernate.Version                    : HHH000412: Hibernate Core {5.2.1.Final}
2019-10-23 11:52:26.096  INFO 25666 --- [main] org.hibernate.cfg.Environment            : HHH000206: hibernate.properties not found
2019-10-23 11:52:26.096  INFO 25666 --- [main] org.hibernate.cfg.Environment            : HHH000021: Bytecode provider name : javassist
2019-10-23 11:52:26.114  INFO 25666 --- [main] o.hibernate.annotations.common.Version   : HCANN000001: Hibernate Commons Annotations {5.0.1.Final}
2019-10-23 11:52:26.170  INFO 25666 --- [main] org.hibernate.dialect.Dialect            : HHH000400: Using dialect: org.hibernate.dialect.MySQL5Dialect
2019-10-23 11:52:27.535  INFO 25666 --- [main] j.LocalContainerEntityManagerFactoryBean : Initialized JPA EntityManagerFactory for persistence unit 'default'
2019-10-23 11:52:27.794  INFO 25666 --- [main] org.mongodb.driver.cluster               : Cluster created with settings {hosts=[127.0.0.1:27017], mode=SINGLE, requiredClusterType=UNKNOWN, serverSelectionTimeout='30000 ms', maxWaitQueueSize=500}
2019-10-23 11:52:27.820  INFO 25666 --- [cluster-ClusterId{value='5dafce7bd02b446442e20da4', description='null'}-127.0.0.1:27017] org.mongodb.driver.connection            : Opened connection [connectionId{localValue:1, serverValue:149}] to 127.0.0.1:27017
2019-10-23 11:52:27.822  INFO 25666 --- [cluster-ClusterId{value='5dafce7bd02b446442e20da4', description='null'}-127.0.0.1:27017] org.mongodb.driver.cluster               : Monitor thread successfully connected to server with description ServerDescription{address=127.0.0.1:27017, type=STANDALONE, state=CONNECTED, ok=true, version=ServerVersion{versionList=[3, 6, 3]}, minWireVersion=0, maxWireVersion=6, maxDocumentSize=16777216, logicalSessionTimeoutMinutes=30, roundTripTimeNanos=1342244}
2019-10-23 11:52:28.280  INFO 25666 --- [main] eConfig$$EnhancerBySpringCGLIB$$ca22cb3c : RedisTemplate序列化配置，转化方式：org.springframework.data.redis.serializer.Jackson2JsonRedisSerializer
2019-10-23 11:52:28.394  INFO 25666 --- [main] cn.tycoding.redis.JedisConfig            : JedisPool注入成功
2019-10-23 11:52:28.394  INFO 25666 --- [main] cn.tycoding.redis.JedisConfig            : redis地址：10.141.209.191:6379
2019-10-23 11:52:28.452  INFO 25666 --- [main] o.s.w.s.handler.SimpleUrlHandlerMapping  : Mapped URL path [/**/favicon.ico] onto handler of type [class org.springframework.web.servlet.resource.ResourceHttpRequestHandler]
2019-10-23 11:52:28.569  INFO 25666 --- [main] s.w.s.m.m.a.RequestMappingHandlerAdapter : Looking for @ControllerAdvice: org.springframework.boot.web.servlet.context.AnnotationConfigServletWebServerApplicationContext@71e9ddb4: startup date [Wed Oct 23 11:52:24 CST 2019]; root of context hierarchy
2019-10-23 11:52:28.586  WARN 25666 --- [main] aWebConfiguration$JpaWebMvcConfiguration : spring.jpa.open-in-view is enabled by default. Therefore, database queries may be performed during view rendering. Explicitly configure spring.jpa.open-in-view to disable this warning
2019-10-23 11:52:28.604  INFO 25666 --- [main] s.w.s.m.m.a.RequestMappingHandlerMapping : Mapped "{[/auth/login/trucks],methods=[GET]}" onto public org.springframework.http.ResponseEntity cn.tycoding.resource.AuthenticationController.truckLogin(java.lang.String,java.lang.String)
2019-10-23 11:52:28.605  INFO 25666 --- [main] s.w.s.m.m.a.RequestMappingHandlerMapping : Mapped "{[/auth/login/shippers],methods=[GET]}" onto public org.springframework.http.ResponseEntity cn.tycoding.resource.AuthenticationController.shipperLogin(java.lang.String,java.lang.String)
2019-10-23 11:52:28.605  INFO 25666 --- [main] s.w.s.m.m.a.RequestMappingHandlerMapping : Mapped "{[/auth/login/receivers],methods=[GET]}" onto public org.springframework.http.ResponseEntity cn.tycoding.resource.AuthenticationController.ReceiverLogin(java.lang.String,java.lang.String)
2019-10-23 11:52:28.605  INFO 25666 --- [main] s.w.s.m.m.a.RequestMappingHandlerMapping : Mapped "{[/auth/login/platform],methods=[GET]}" onto public org.springframework.http.ResponseEntity cn.tycoding.resource.AuthenticationController.PlatformLogin(java.lang.String,java.lang.String)
2019-10-23 11:52:28.606  INFO 25666 --- [main] s.w.s.m.m.a.RequestMappingHandlerMapping : Mapped "{[/auth/signin/trucks],methods=[POST]}" onto public cn.tycoding.domain.Truck cn.tycoding.resource.AuthenticationController.truckSignin(cn.tycoding.domain.Truck)
2019-10-23 11:52:28.606  INFO 25666 --- [main] s.w.s.m.m.a.RequestMappingHandlerMapping : Mapped "{[/auth/signin/shippers],methods=[POST]}" onto public cn.tycoding.domain.Shipper cn.tycoding.resource.AuthenticationController.shipperSignin(cn.tycoding.domain.Shipper)
2019-10-23 11:52:28.606  INFO 25666 --- [main] s.w.s.m.m.a.RequestMappingHandlerMapping : Mapped "{[/auth/signin/receivers],methods=[POST]}" onto public cn.tycoding.domain.Receiver cn.tycoding.resource.AuthenticationController.receiverSignin(cn.tycoding.domain.Receiver)
2019-10-23 11:52:28.607  INFO 25666 --- [main] s.w.s.m.m.a.RequestMappingHandlerMapping : Mapped "{[/bank-accounts],methods=[GET]}" onto public java.util.List<cn.tycoding.domain.BankAccount> cn.tycoding.resource.BankAccountResource.getAll()
2019-10-23 11:52:28.607  INFO 25666 --- [main] s.w.s.m.m.a.RequestMappingHandlerMapping : Mapped "{[/bank-accounts/money-log/{id}/{type}],methods=[GET]}" onto public java.lang.String cn.tycoding.resource.BankAccountResource.findTruckById(int,java.lang.String)
2019-10-23 11:52:28.607  INFO 25666 --- [main] s.w.s.m.m.a.RequestMappingHandlerMapping : Mapped "{[/bids/{cargoId}],methods=[GET]}" onto public cn.tycoding.domain.Cargo cn.tycoding.resource.BidResource.stopBid(int)
2019-10-23 11:52:28.607  INFO 25666 --- [main] s.w.s.m.m.a.RequestMappingHandlerMapping : Mapped "{[/bids],methods=[POST]}" onto public java.util.Map<java.lang.String, java.lang.Object> cn.tycoding.resource.BidResource.bidCargo(cn.tycoding.domain.Bid)
2019-10-23 11:52:28.611  INFO 25666 --- [main] s.w.s.m.m.a.RequestMappingHandlerMapping : Mapped "{[/cargos/position/{truckId}/{position}],methods=[PUT]}" onto public java.util.List<cn.tycoding.domain.Cargo> cn.tycoding.resource.CargoResource.refreshPosition(int,java.lang.String)
2019-10-23 11:52:28.611  INFO 25666 --- [main] s.w.s.m.m.a.RequestMappingHandlerMapping : Mapped "{[/cargos/complete-ratio/{cargoId}/{ratio}],methods=[PUT]}" onto public cn.tycoding.domain.Cargo cn.tycoding.resource.CargoResource.refreshPosition(int,java.lang.Double)
2019-10-23 11:52:28.611  INFO 25666 --- [main] s.w.s.m.m.a.RequestMappingHandlerMapping : Mapped "{[/cargos/{cargoId}],methods=[GET]}" onto public cn.tycoding.domain.Cargo cn.tycoding.resource.CargoResource.getCargoById(int)
2019-10-23 11:52:28.611  INFO 25666 --- [main] s.w.s.m.m.a.RequestMappingHandlerMapping : Mapped "{[/cargos/{id}/withdraw],methods=[DELETE]}" onto public cn.tycoding.domain.Cargo cn.tycoding.resource.CargoResource.withdrawalCargo(int)
2019-10-23 11:52:28.611  INFO 25666 --- [main] s.w.s.m.m.a.RequestMappingHandlerMapping : Mapped "{[/cargos],methods=[GET]}" onto public java.util.List<cn.tycoding.domain.Cargo> cn.tycoding.resource.CargoResource.getAllCargos()
2019-10-23 11:52:28.611  INFO 25666 --- [main] s.w.s.m.m.a.RequestMappingHandlerMapping : Mapped "{[/cargos/{cargoId}],methods=[PUT]}" onto public cn.tycoding.domain.Cargo cn.tycoding.resource.CargoResource.startCargo(int)
2019-10-23 11:52:28.612  INFO 25666 --- [main] s.w.s.m.m.a.RequestMappingHandlerMapping : Mapped "{[/cargos],methods=[POST]}" onto public cn.tycoding.domain.Cargo cn.tycoding.resource.CargoResource.createCargo(cn.tycoding.domain.Cargo)
2019-10-23 11:52:28.612  INFO 25666 --- [main] s.w.s.m.m.a.RequestMappingHandlerMapping : Mapped "{[/cargos/{cargoId}/{freightFare}/transfer],methods=[PUT]}" onto public cn.tycoding.domain.Cargo cn.tycoding.resource.CargoResource.getCargo(int,double)
2019-10-23 11:52:28.612  INFO 25666 --- [main] s.w.s.m.m.a.RequestMappingHandlerMapping : Mapped "{[/cargos/{part}/{id}],methods=[GET]}" onto public java.util.List<cn.tycoding.domain.Cargo> cn.tycoding.resource.CargoResource.getTruckAllCargos(java.lang.String,int)
2019-10-23 11:52:28.612  INFO 25666 --- [main] s.w.s.m.m.a.RequestMappingHandlerMapping : Mapped "{[/cargos/cargo-status/{status}],methods=[GET]}" onto public java.util.List<cn.tycoding.domain.Cargo> cn.tycoding.resource.CargoResource.getAllNormalCargos(int)
2019-10-23 11:52:28.612  INFO 25666 --- [main] s.w.s.m.m.a.RequestMappingHandlerMapping : Mapped "{[/cargos/cargo-status-13/{cargoId}],methods=[PUT]}" onto public cn.tycoding.domain.Cargo cn.tycoding.resource.CargoResource.statusChangeTo13(int)
2019-10-23 11:52:28.612  INFO 25666 --- [main] s.w.s.m.m.a.RequestMappingHandlerMapping : Mapped "{[/cargos/cargo-status-14/{cargoId}],methods=[PUT]}" onto public cn.tycoding.domain.Cargo cn.tycoding.resource.CargoResource.statusChangeTo14(int)
2019-10-23 11:52:28.613  INFO 25666 --- [main] s.w.s.m.m.a.RequestMappingHandlerMapping : Mapped "{[/cargos/transferred-cargos/{preCargoId}],methods=[GET]}" onto public java.util.List<cn.tycoding.domain.Cargo> cn.tycoding.resource.CargoResource.getAllTransCargos(int)
2019-10-23 11:52:28.613  INFO 25666 --- [main] s.w.s.m.m.a.RequestMappingHandlerMapping : Mapped "{[/insurance-accounts],methods=[GET]}" onto public java.util.List<cn.tycoding.domain.InsuranceAccount> cn.tycoding.resource.InsuranceAccountResource.getAll()
2019-10-23 11:52:28.613  INFO 25666 --- [main] s.w.s.m.m.a.RequestMappingHandlerMapping : Mapped "{[/insurance-accounts/money-log/{id}/{type}],methods=[GET]}" onto public java.lang.String cn.tycoding.resource.InsuranceAccountResource.findTruckById(int,java.lang.String)
2019-10-23 11:52:28.615  INFO 25666 --- [main] s.w.s.m.m.a.RequestMappingHandlerMapping : Mapped "{[/platform/params],methods=[GET]}" onto public cn.tycoding.domain.Platform cn.tycoding.resource.PlatformResource.showPlatformPara()
2019-10-23 11:52:28.615  INFO 25666 --- [main] s.w.s.m.m.a.RequestMappingHandlerMapping : Mapped "{[/platform],methods=[POST]}" onto public cn.tycoding.domain.Platform cn.tycoding.resource.PlatformResource.setPlatformElem(cn.tycoding.domain.Platform)
2019-10-23 11:52:28.616  INFO 25666 --- [main] s.w.s.m.m.a.RequestMappingHandlerMapping : Mapped "{[/platform/data],methods=[GET]}" onto public java.lang.String cn.tycoding.resource.PlatformResource.showPlatformList()
2019-10-23 11:52:28.616  INFO 25666 --- [main] s.w.s.m.m.a.RequestMappingHandlerMapping : Mapped "{[/platform/bid],methods=[GET]}" onto public java.util.List<cn.tycoding.domain.Bid> cn.tycoding.resource.PlatformResource.showAllBid()
2019-10-23 11:52:28.616  INFO 25666 --- [main] s.w.s.m.m.a.RequestMappingHandlerMapping : Mapped "{[/platform/crtAccount],methods=[GET]}" onto public double cn.tycoding.resource.PlatformResource.getCrtAccount()
2019-10-23 11:52:28.616  INFO 25666 --- [main] s.w.s.m.m.a.RequestMappingHandlerMapping : Mapped "{[/platform/{time}],methods=[GET]}" onto public double cn.tycoding.resource.PlatformResource.getCrtIncome(java.lang.String)
2019-10-23 11:52:28.616  INFO 25666 --- [main] s.w.s.m.m.a.RequestMappingHandlerMapping : Mapped "{[/platform/mon],methods=[GET]}" onto public double cn.tycoding.resource.PlatformResource.getCrtMonIncome()
2019-10-23 11:52:28.616  INFO 25666 --- [main] s.w.s.m.m.a.RequestMappingHandlerMapping : Mapped "{[/platform/day],methods=[GET]}" onto public double cn.tycoding.resource.PlatformResource.getCrtDayIncome()
2019-10-23 11:52:28.616  INFO 25666 --- [main] s.w.s.m.m.a.RequestMappingHandlerMapping : Mapped "{[/platform/{userType}/{id}],methods=[DELETE]}" onto public java.lang.String cn.tycoding.resource.PlatformResource.deleteReceiver(java.lang.String,int)
2019-10-23 11:52:28.617  INFO 25666 --- [main] s.w.s.m.m.a.RequestMappingHandlerMapping : Mapped "{[/receivers/{id}/activate],methods=[PUT]}" onto public cn.tycoding.domain.Receiver cn.tycoding.resource.ReceiverResource.active(int)
2019-10-23 11:52:28.617  INFO 25666 --- [main] s.w.s.m.m.a.RequestMappingHandlerMapping : Mapped "{[/receivers/{id}],methods=[DELETE]}" onto public java.lang.String cn.tycoding.resource.ReceiverResource.deleteReceiver(int)
2019-10-23 11:52:28.617  INFO 25666 --- [main] s.w.s.m.m.a.RequestMappingHandlerMapping : Mapped "{[/receivers],methods=[GET]}" onto public java.util.List<cn.tycoding.domain.Receiver> cn.tycoding.resource.ReceiverResource.getAllReceiverr()
2019-10-23 11:52:28.617  INFO 25666 --- [main] s.w.s.m.m.a.RequestMappingHandlerMapping : Mapped "{[/receivers/inspections],methods=[POST]}" onto public java.lang.String cn.tycoding.resource.ReceiverResource.inspectionCargo(cn.tycoding.domain.Inspection)
2019-10-23 11:52:28.618  INFO 25666 --- [main] s.w.s.m.m.a.RequestMappingHandlerMapping : Mapped "{[/receivers/{id}],methods=[GET]}" onto public cn.tycoding.domain.Receiver cn.tycoding.resource.ReceiverResource.getReceiversById(int)
2019-10-23 11:52:28.618  INFO 25666 --- [main] s.w.s.m.m.a.RequestMappingHandlerMapping : Mapped "{[/qunfa],methods=[GET]}" onto public java.util.Map<java.lang.String, java.lang.Object> cn.tycoding.resource.SendMsg.qunFa(java.lang.String)
2019-10-23 11:52:28.618  INFO 25666 --- [main] s.w.s.m.m.a.RequestMappingHandlerMapping : Mapped "{[/qunfa2],methods=[GET]}" onto public java.util.Map<java.lang.String, java.lang.Object> cn.tycoding.resource.SendMsg.qunFa2(java.lang.String)
2019-10-23 11:52:28.618  INFO 25666 --- [main] s.w.s.m.m.a.RequestMappingHandlerMapping : Mapped "{[/danfa],methods=[GET]}" onto public java.util.Map<java.lang.String, java.lang.Object> cn.tycoding.resource.SendMsg.danFa(java.lang.String,java.lang.String)
2019-10-23 11:52:28.619  INFO 25666 --- [main] s.w.s.m.m.a.RequestMappingHandlerMapping : Mapped "{[/shippers/{id}/activate],methods=[PUT]}" onto public cn.tycoding.domain.Shipper cn.tycoding.resource.ShipperResource.active(int)
2019-10-23 11:52:28.619  INFO 25666 --- [main] s.w.s.m.m.a.RequestMappingHandlerMapping : Mapped "{[/shippers/{id}],methods=[DELETE]}" onto public java.lang.String cn.tycoding.resource.ShipperResource.deleteShipper(int)
2019-10-23 11:52:28.619  INFO 25666 --- [main] s.w.s.m.m.a.RequestMappingHandlerMapping : Mapped "{[/shippers/{id}],methods=[GET]}" onto public cn.tycoding.domain.Shipper cn.tycoding.resource.ShipperResource.getShipperById(int)
2019-10-23 11:52:28.619  INFO 25666 --- [main] s.w.s.m.m.a.RequestMappingHandlerMapping : Mapped "{[/shippers/ranking/{shipperId}/{rank}],methods=[PUT]}" onto public cn.tycoding.domain.Shipper cn.tycoding.resource.ShipperResource.setShipperRank(int,double)
2019-10-23 11:52:28.619  INFO 25666 --- [main] s.w.s.m.m.a.RequestMappingHandlerMapping : Mapped "{[/shippers],methods=[GET]}" onto public java.util.List<cn.tycoding.domain.Shipper> cn.tycoding.resource.ShipperResource.getAllShipper()
2019-10-23 11:52:28.621  INFO 25666 --- [main] s.w.s.m.m.a.RequestMappingHandlerMapping : Mapped "{[/trucks/{id}/activate],methods=[PUT]}" onto public cn.tycoding.domain.Truck cn.tycoding.resource.TruckResource.active(int)
2019-10-23 11:52:28.621  INFO 25666 --- [main] s.w.s.m.m.a.RequestMappingHandlerMapping : Mapped "{[/trucks/{id}],methods=[GET]}" onto public cn.tycoding.domain.Truck cn.tycoding.resource.TruckResource.findTruckById(int)
2019-10-23 11:52:28.621  INFO 25666 --- [main] s.w.s.m.m.a.RequestMappingHandlerMapping : Mapped "{[/trucks/departure/{cargoId}],methods=[PUT]}" onto public cn.tycoding.domain.Cargo cn.tycoding.resource.TruckResource.startShip(int)
2019-10-23 11:52:28.621  INFO 25666 --- [main] s.w.s.m.m.a.RequestMappingHandlerMapping : Mapped "{[/trucks],methods=[GET]}" onto public java.util.List<cn.tycoding.domain.Truck> cn.tycoding.resource.TruckResource.getAllTruck()
2019-10-23 11:52:28.621  INFO 25666 --- [main] s.w.s.m.m.a.RequestMappingHandlerMapping : Mapped "{[/trucks/cargoinfo/{id}],methods=[GET]}" onto public java.lang.String cn.tycoding.resource.TruckResource.findTrucksCargoNum(int)
2019-10-23 11:52:28.621  INFO 25666 --- [main] s.w.s.m.m.a.RequestMappingHandlerMapping : Mapped "{[/trucks/destination/{cargoId}],methods=[PUT]}" onto public cn.tycoding.domain.Cargo cn.tycoding.resource.TruckResource.endShip(int)
2019-10-23 11:52:28.621  INFO 25666 --- [main] s.w.s.m.m.a.RequestMappingHandlerMapping : Mapped "{[/trucks/ranking/{truckId}/{rank}],methods=[PUT]}" onto public cn.tycoding.domain.Truck cn.tycoding.resource.TruckResource.setTruckRank(int,double)
2019-10-23 11:52:28.621  INFO 25666 --- [main] s.w.s.m.m.a.RequestMappingHandlerMapping : Mapped "{[/trucks/{id}],methods=[DELETE]}" onto public java.lang.String cn.tycoding.resource.TruckResource.deleteTruck(int)
2019-10-23 11:52:28.621  INFO 25666 --- [main] s.w.s.m.m.a.RequestMappingHandlerMapping : Mapped "{[/trucks/upload],methods=[POST]}" onto public java.lang.String cn.tycoding.resource.TruckResource.test(org.springframework.web.multipart.MultipartFile) throws java.lang.IllegalStateException,java.io.IOException
2019-10-23 11:52:28.623  INFO 25666 --- [main] s.w.s.m.m.a.RequestMappingHandlerMapping : Mapped "{[/error],produces=[text/html]}" onto public org.springframework.web.servlet.ModelAndView org.springframework.boot.autoconfigure.web.servlet.error.BasicErrorController.errorHtml(javax.servlet.http.HttpServletRequest,javax.servlet.http.HttpServletResponse)
2019-10-23 11:52:28.623  INFO 25666 --- [main] s.w.s.m.m.a.RequestMappingHandlerMapping : Mapped "{[/error]}" onto public org.springframework.http.ResponseEntity<java.util.Map<java.lang.String, java.lang.Object>> org.springframework.boot.autoconfigure.web.servlet.error.BasicErrorController.error(javax.servlet.http.HttpServletRequest)
2019-10-23 11:52:28.644  INFO 25666 --- [main] o.s.w.s.handler.SimpleUrlHandlerMapping  : Mapped URL path [/webjars/**] onto handler of type [class org.springframework.web.servlet.resource.ResourceHttpRequestHandler]
2019-10-23 11:52:28.644  INFO 25666 --- [main] o.s.w.s.handler.SimpleUrlHandlerMapping  : Mapped URL path [/**] onto handler of type [class org.springframework.web.servlet.resource.ResourceHttpRequestHandler]
2019-10-23 11:52:28.676  WARN 25666 --- [main] ion$DefaultTemplateResolverConfiguration : Cannot find template location: classpath:/templates/ (please add some templates or check your Thymeleaf configuration)
2019-10-23 11:52:28.678  WARN 25666 --- [main] org.thymeleaf.templatemode.TemplateMode  : [THYMELEAF][main] Template Mode 'LEGACYHTML5' is deprecated. Using Template Mode 'HTML' instead.
2019-10-23 11:52:29.041  INFO 25666 --- [main] o.s.s.web.DefaultSecurityFilterChain     : Creating filter chain: org.springframework.security.web.util.matcher.AnyRequestMatcher@1, [org.springframework.security.web.context.request.async.WebAsyncManagerIntegrationFilter@98712fa, org.springframework.security.web.context.SecurityContextPersistenceFilter@29592929, org.springframework.security.web.header.HeaderWriterFilter@17189618, org.springframework.web.filter.CorsFilter@35625d87, org.springframework.security.web.authentication.logout.LogoutFilter@4a2653a0, cn.tycoding.security.jwt.JwtTokenAuthenticationFilter@61288814, org.springframework.security.web.savedrequest.RequestCacheAwareFilter@4bdef487, org.springframework.security.web.servletapi.SecurityContextHolderAwareRequestFilter@65a80fdb, org.springframework.security.web.authentication.AnonymousAuthenticationFilter@3b8d2abe, org.springframework.security.web.session.SessionManagementFilter@21688427, org.springframework.security.web.access.ExceptionTranslationFilter@5f5923ef, org.springframework.security.web.access.intercept.FilterSecurityInterceptor@17e6b7e4]
2019-10-23 11:52:29.104  INFO 25666 --- [main] o.s.w.s.s.s.ServerEndpointExporter       : Registering @ServerEndpoint class: class cn.tycoding.websocket.MyWebSocket_bak
2019-10-23 11:52:29.108  INFO 25666 --- [main] o.s.w.s.s.s.ServerEndpointExporter       : Registering @ServerEndpoint class: class cn.tycoding.websocket.WebSocketServer
2019-10-23 11:52:29.108  INFO 25666 --- [main] o.s.w.s.s.s.ServerEndpointExporter       : Registering @ServerEndpoint class: class cn.tycoding.websocket.WebSocketTest
2019-10-23 11:52:29.108  INFO 25666 --- [main] o.s.w.s.s.s.ServerEndpointExporter       : Registering @ServerEndpoint class: class cn.tycoding.websocket.WebSocketTest3
2019-10-23 11:52:29.108  INFO 25666 --- [main] o.s.w.s.s.s.ServerEndpointExporter       : Registering @ServerEndpoint class: class cn.tycoding.websocket.WebSocketTest4
2019-10-23 11:52:29.109  INFO 25666 --- [main] o.s.j.e.a.AnnotationMBeanExporter        : Registering beans for JMX exposure on startup
2019-10-23 11:52:29.110  INFO 25666 --- [main] o.s.j.e.a.AnnotationMBeanExporter        : Bean with name 'statFilter' has been autodetected for JMX exposure
2019-10-23 11:52:29.110  INFO 25666 --- [main] o.s.j.e.a.AnnotationMBeanExporter        : Bean with name 'dataSource' has been autodetected for JMX exposure
2019-10-23 11:52:29.114  INFO 25666 --- [main] o.s.j.e.a.AnnotationMBeanExporter        : Bean with name 'rabbitConnectionFactory' has been autodetected for JMX exposure
2019-10-23 11:52:29.116  INFO 25666 --- [main] o.s.j.e.a.AnnotationMBeanExporter        : Located MBean 'dataSource': registering with JMX server as MBean [com.alibaba.druid.spring.boot.autoconfigure:name=dataSource,type=DruidDataSourceWrapper]
2019-10-23 11:52:29.117  INFO 25666 --- [main] o.s.j.e.a.AnnotationMBeanExporter        : Located managed bean 'rabbitConnectionFactory': registering with JMX server as MBean [org.springframework.amqp.rabbit.connection:name=rabbitConnectionFactory,type=CachingConnectionFactory]
2019-10-23 11:52:29.127  INFO 25666 --- [main] o.s.j.e.a.AnnotationMBeanExporter        : Located MBean 'statFilter': registering with JMX server as MBean [com.alibaba.druid.filter.stat:name=statFilter,type=StatFilter]
2019-10-23 11:52:29.130  INFO 25666 --- [main] o.s.c.support.DefaultLifecycleProcessor  : Starting beans in phase 2147483647
2019-10-23 11:52:29.150  INFO 25666 --- [main] o.s.b.w.embedded.tomcat.TomcatWebServer  : Tomcat started on port(s): 8080 (http) with context path ''
2019-10-23 11:52:29.152  INFO 25666 --- [main] c.tycoding.SpringbootSeckillApplication  : Started SpringbootSeckillApplication in 4.902 seconds (JVM running for 5.189)
2019-10-23 11:52:29.164  INFO 25666 --- [main] o.h.h.i.QueryTranslatorFactoryInitiator  : HHH000397: Using ASTQueryTranslatorFactory
2019-10-23 11:53:46.355  INFO 25666 --- [Thread-12] ConfigServletWebServerApplicationContext : Closing org.springframework.boot.web.servlet.context.AnnotationConfigServletWebServerApplicationContext@71e9ddb4: startup date [Wed Oct 23 11:52:24 CST 2019]; root of context hierarchy
2019-10-23 11:53:46.357  INFO 25666 --- [Thread-12] o.s.c.support.DefaultLifecycleProcessor  : Stopping beans in phase 2147483647
2019-10-23 11:53:46.358  INFO 25666 --- [Thread-12] o.s.c.support.DefaultLifecycleProcessor  : Stopping beans in phase 0
2019-10-23 11:53:46.361  INFO 25666 --- [Thread-12] o.s.j.e.a.AnnotationMBeanExporter        : Unregistering JMX-exposed beans on shutdown
2019-10-23 11:53:46.361  INFO 25666 --- [Thread-12] o.s.j.e.a.AnnotationMBeanExporter        : Unregistering JMX-exposed beans
2019-10-23 11:53:46.373  INFO 25666 --- [Thread-12] j.LocalContainerEntityManagerFactoryBean : Closing JPA EntityManagerFactory for persistence unit 'default'
2019-10-23 11:53:46.375  INFO 25666 --- [Thread-12] com.alibaba.druid.pool.DruidDataSource   : {dataSource-1} closed
