2019-10-23 14:29:06,146 [main] INFO  c.t.SpringbootSeckillApplication 50 - Starting SpringbootSeckillApplication on xqldeMacBook-Pro.local with PID 16398 (/Users/xql/IdeaProjects/logistics-platform/target/classes started by xql in /Users/xql/IdeaProjects/logistics-platform)
2019-10-23 14:29:06,150 [main] INFO  c.t.SpringbootSeckillApplication 684 - The following profiles are active: dev
2019-10-23 14:29:06,318 [main] INFO  o.s.b.w.s.c.AnnotationConfigServletWebServerApplicationContext 590 - Refreshing org.springframework.boot.web.servlet.context.AnnotationConfigServletWebServerApplicationContext@44a7bfbc: startup date [Wed Oct 23 14:29:06 CST 2019]; root of context hierarchy
2019-10-23 14:29:07,316 [main] WARN  o.m.s.mapper.ClassPathMapperScanner 166 - No MyBatis mapper was found in '[cn.tycoding]' package. Please check your configuration.
2019-10-23 14:29:07,409 [main] INFO  o.s.d.r.c.RepositoryConfigurationDelegate 172 - Multiple Spring Data modules found, entering strict repository configuration mode!
2019-10-23 14:29:07,490 [main] INFO  o.s.d.r.c.RepositoryConfigurationExtensionSupport 291 - Spring Data JPA - Could not safely identify store assignment for repository candidate interface cn.tycoding.repository.FundsLogRepository.
2019-10-23 14:29:07,509 [main] INFO  o.s.d.r.c.RepositoryConfigurationExtensionSupport 291 - Spring Data JPA - Could not safely identify store assignment for repository candidate interface cn.tycoding.repository.SysLogRepository.
2019-10-23 14:29:07,567 [main] INFO  o.s.d.r.c.RepositoryConfigurationDelegate 172 - Multiple Spring Data modules found, entering strict repository configuration mode!
2019-10-23 14:29:07,575 [main] INFO  o.s.d.r.c.RepositoryConfigurationExtensionSupport 291 - Spring Data MongoDB - Could not safely identify store assignment for repository candidate interface cn.tycoding.repository.BankAccountRepository.
2019-10-23 14:29:07,575 [main] INFO  o.s.d.r.c.RepositoryConfigurationExtensionSupport 291 - Spring Data MongoDB - Could not safely identify store assignment for repository candidate interface cn.tycoding.repository.BidRepository.
2019-10-23 14:29:07,576 [main] INFO  o.s.d.r.c.RepositoryConfigurationExtensionSupport 291 - Spring Data MongoDB - Could not safely identify store assignment for repository candidate interface cn.tycoding.repository.CargoRepository.
2019-10-23 14:29:07,577 [main] INFO  o.s.d.r.c.RepositoryConfigurationExtensionSupport 291 - Spring Data MongoDB - Could not safely identify store assignment for repository candidate interface cn.tycoding.repository.InspectionRepository.
2019-10-23 14:29:07,578 [main] INFO  o.s.d.r.c.RepositoryConfigurationExtensionSupport 291 - Spring Data MongoDB - Could not safely identify store assignment for repository candidate interface cn.tycoding.repository.InsuranceAccountRepository.
2019-10-23 14:29:07,578 [main] INFO  o.s.d.r.c.RepositoryConfigurationExtensionSupport 291 - Spring Data MongoDB - Could not safely identify store assignment for repository candidate interface cn.tycoding.repository.PlatformRepository.
2019-10-23 14:29:07,579 [main] INFO  o.s.d.r.c.RepositoryConfigurationExtensionSupport 291 - Spring Data MongoDB - Could not safely identify store assignment for repository candidate interface cn.tycoding.repository.ReceiverRepository.
2019-10-23 14:29:07,579 [main] INFO  o.s.d.r.c.RepositoryConfigurationExtensionSupport 291 - Spring Data MongoDB - Could not safely identify store assignment for repository candidate interface cn.tycoding.repository.ShipperRepository.
2019-10-23 14:29:07,580 [main] INFO  o.s.d.r.c.RepositoryConfigurationExtensionSupport 291 - Spring Data MongoDB - Could not safely identify store assignment for repository candidate interface cn.tycoding.repository.TruckRepository.
2019-10-23 14:29:07,581 [main] INFO  o.s.d.r.c.RepositoryConfigurationExtensionSupport 291 - Spring Data MongoDB - Could not safely identify store assignment for repository candidate interface cn.tycoding.repository.UserRepository.
2019-10-23 14:29:07,923 [main] INFO  o.s.b.f.a.AutowiredAnnotationBeanPostProcessor 153 - JSR-330 'javax.inject.Inject' annotation found and supported for autowiring
2019-10-23 14:29:07,994 [main] INFO  o.s.c.s.PostProcessorRegistrationDelegate$BeanPostProcessorChecker 326 - Bean 'org.springframework.amqp.rabbit.annotation.RabbitBootstrapConfiguration' of type [org.springframework.amqp.rabbit.annotation.RabbitBootstrapConfiguration$$EnhancerBySpringCGLIB$$b60007db] is not eligible for getting processed by all BeanPostProcessors (for example: not eligible for auto-proxying)
2019-10-23 14:29:08,077 [main] INFO  o.s.c.s.PostProcessorRegistrationDelegate$BeanPostProcessorChecker 326 - Bean 'org.springframework.transaction.annotation.ProxyTransactionManagementConfiguration' of type [org.springframework.transaction.annotation.ProxyTransactionManagementConfiguration$$EnhancerBySpringCGLIB$$ef9449ad] is not eligible for getting processed by all BeanPostProcessors (for example: not eligible for auto-proxying)
2019-10-23 14:29:08,788 [main] INFO  o.s.b.w.e.tomcat.TomcatWebServer 91 - Tomcat initialized with port(s): 8080 (http)
2019-10-23 14:29:08,813 [main] INFO  o.a.coyote.http11.Http11NioProtocol 180 - Initializing ProtocolHandler ["http-nio-8080"]
2019-10-23 14:29:08,822 [main] INFO  o.a.catalina.core.StandardService 180 - Starting service [Tomcat]
2019-10-23 14:29:08,823 [main] INFO  o.a.catalina.core.StandardEngine 180 - Starting Servlet Engine: Apache Tomcat/8.5.34
2019-10-23 14:29:08,827 [localhost-startStop-1] INFO  o.a.c.core.AprLifecycleListener 180 - The APR based Apache Tomcat Native library which allows optimal performance in production environments was not found on the java.library.path: [/Users/xql/Library/Java/Extensions:/Library/Java/Extensions:/Network/Library/Java/Extensions:/System/Library/Java/Extensions:/usr/lib/java:.]
2019-10-23 14:29:09,097 [localhost-startStop-1] INFO  org.apache.jasper.servlet.TldScanner 180 - At least one JAR was scanned for TLDs yet contained no TLDs. Enable debug logging for this logger for a complete list of JARs that were scanned but no TLDs were found in them. Skipping unneeded JARs during scanning can improve startup time and JSP compilation time.
2019-10-23 14:29:09,100 [localhost-startStop-1] INFO  o.a.c.c.C.[Tomcat].[localhost].[/] 180 - Initializing Spring embedded WebApplicationContext
2019-10-23 14:29:09,101 [localhost-startStop-1] INFO  o.s.web.context.ContextLoader 285 - Root WebApplicationContext: initialization completed in 2783 ms
2019-10-23 14:29:09,223 [localhost-startStop-1] INFO  o.s.b.w.s.FilterRegistrationBean 245 - Mapping filter: 'characterEncodingFilter' to: [/*]
2019-10-23 14:29:09,224 [localhost-startStop-1] INFO  o.s.b.w.s.FilterRegistrationBean 245 - Mapping filter: 'hiddenHttpMethodFilter' to: [/*]
2019-10-23 14:29:09,224 [localhost-startStop-1] INFO  o.s.b.w.s.FilterRegistrationBean 245 - Mapping filter: 'httpPutFormContentFilter' to: [/*]
2019-10-23 14:29:09,224 [localhost-startStop-1] INFO  o.s.b.w.s.FilterRegistrationBean 245 - Mapping filter: 'requestContextFilter' to: [/*]
2019-10-23 14:29:09,225 [localhost-startStop-1] INFO  o.s.b.w.s.DelegatingFilterProxyRegistrationBean 245 - Mapping filter: 'springSecurityFilterChain' to: [/*]
2019-10-23 14:29:09,225 [localhost-startStop-1] INFO  o.s.b.w.s.FilterRegistrationBean 258 - Mapping filter: 'webStatFilter' to urls: [/*]
2019-10-23 14:29:09,226 [localhost-startStop-1] INFO  o.s.b.w.s.FilterRegistrationBean 245 - Mapping filter: 'corsFilter' to: [/*]
2019-10-23 14:29:09,226 [localhost-startStop-1] INFO  o.s.b.w.s.ServletRegistrationBean 187 - Servlet dispatcherServlet mapped to [/]
2019-10-23 14:29:09,228 [localhost-startStop-1] INFO  o.s.b.w.s.ServletRegistrationBean 187 - Servlet statViewServlet mapped to [/druid/*]
2019-10-23 14:29:09,276 [main] INFO  c.a.d.s.b.a.DruidDataSourceAutoConfigure 56 - Init DruidDataSource
2019-10-23 14:29:09,731 [main] INFO  c.alibaba.druid.pool.DruidDataSource 928 - {dataSource-1} inited
2019-10-23 14:29:09,923 [main] INFO  o.s.o.j.LocalContainerEntityManagerFactoryBean 361 - Building JPA container EntityManagerFactory for persistence unit 'default'
2019-10-23 14:29:09,934 [main] INFO  o.h.jpa.internal.util.LogHelper 31 - HHH000204: Processing PersistenceUnitInfo [
	name: default
	...]
2019-10-23 14:29:09,986 [main] INFO  org.hibernate.Version 45 - HHH000412: Hibernate Core {5.2.1.Final}
2019-10-23 14:29:09,988 [main] INFO  org.hibernate.cfg.Environment 213 - HHH000206: hibernate.properties not found
2019-10-23 14:29:09,989 [main] INFO  org.hibernate.cfg.Environment 318 - HHH000021: Bytecode provider name : javassist
2019-10-23 14:29:10,026 [main] INFO  o.h.annotations.common.Version 66 - HCANN000001: Hibernate Commons Annotations {5.0.1.Final}
2019-10-23 14:29:10,133 [main] INFO  org.hibernate.dialect.Dialect 153 - HHH000400: Using dialect: org.hibernate.dialect.MySQL5Dialect
2019-10-23 14:29:12,615 [main] INFO  o.s.o.j.LocalContainerEntityManagerFactoryBean 415 - Initialized JPA EntityManagerFactory for persistence unit 'default'
2019-10-23 14:29:13,199 [main] INFO  org.mongodb.driver.cluster 71 - Cluster created with settings {hosts=[localhost:27017], mode=SINGLE, requiredClusterType=UNKNOWN, serverSelectionTimeout='30000 ms', maxWaitQueueSize=500}
2019-10-23 14:29:13,276 [cluster-ClusterId{value='5daff339252427400e5fe6d2', description='null'}-localhost:27017] INFO  org.mongodb.driver.connection 71 - Opened connection [connectionId{localValue:1, serverValue:8}] to localhost:27017
2019-10-23 14:29:13,282 [cluster-ClusterId{value='5daff339252427400e5fe6d2', description='null'}-localhost:27017] INFO  org.mongodb.driver.cluster 71 - Monitor thread successfully connected to server with description ServerDescription{address=localhost:27017, type=STANDALONE, state=CONNECTED, ok=true, version=ServerVersion{versionList=[4, 2, 0]}, minWireVersion=0, maxWireVersion=8, maxDocumentSize=16777216, logicalSessionTimeoutMinutes=30, roundTripTimeNanos=3641977}
2019-10-23 14:29:14,197 [main] INFO  c.t.r.RedisTemplateConfig$$EnhancerBySpringCGLIB$$635c451a 34 - RedisTemplate序列化配置，转化方式：org.springframework.data.redis.serializer.Jackson2JsonRedisSerializer
2019-10-23 14:29:14,422 [main] INFO  cn.tycoding.redis.JedisConfig 47 - JedisPool注入成功
2019-10-23 14:29:14,422 [main] INFO  cn.tycoding.redis.JedisConfig 48 - redis地址：127.0.0.1:6379
2019-10-23 14:29:14,529 [main] INFO  o.s.w.s.h.SimpleUrlHandlerMapping 373 - Mapped URL path [/**/favicon.ico] onto handler of type [class org.springframework.web.servlet.resource.ResourceHttpRequestHandler]
2019-10-23 14:29:14,740 [main] INFO  o.s.w.s.m.m.a.RequestMappingHandlerAdapter 588 - Looking for @ControllerAdvice: org.springframework.boot.web.servlet.context.AnnotationConfigServletWebServerApplicationContext@44a7bfbc: startup date [Wed Oct 23 14:29:06 CST 2019]; root of context hierarchy
2019-10-23 14:29:14,818 [main] WARN  o.s.b.a.o.j.JpaBaseConfiguration$JpaWebConfiguration$JpaWebMvcConfiguration 237 - spring.jpa.open-in-view is enabled by default. Therefore, database queries may be performed during view rendering. Explicitly configure spring.jpa.open-in-view to disable this warning
2019-10-23 14:29:14,922 [main] INFO  o.s.w.s.m.m.a.RequestMappingHandlerMapping 549 - Mapped "{[/auth/login/trucks],methods=[GET]}" onto public org.springframework.http.ResponseEntity cn.tycoding.resource.AuthenticationController.truckLogin(java.lang.String,java.lang.String)
2019-10-23 14:29:14,923 [main] INFO  o.s.w.s.m.m.a.RequestMappingHandlerMapping 549 - Mapped "{[/auth/login/shippers],methods=[GET]}" onto public org.springframework.http.ResponseEntity cn.tycoding.resource.AuthenticationController.shipperLogin(java.lang.String,java.lang.String)
2019-10-23 14:29:14,924 [main] INFO  o.s.w.s.m.m.a.RequestMappingHandlerMapping 549 - Mapped "{[/auth/login/receivers],methods=[GET]}" onto public org.springframework.http.ResponseEntity cn.tycoding.resource.AuthenticationController.ReceiverLogin(java.lang.String,java.lang.String)
2019-10-23 14:29:14,924 [main] INFO  o.s.w.s.m.m.a.RequestMappingHandlerMapping 549 - Mapped "{[/auth/login/platform],methods=[GET]}" onto public org.springframework.http.ResponseEntity cn.tycoding.resource.AuthenticationController.PlatformLogin(java.lang.String,java.lang.String)
2019-10-23 14:29:14,924 [main] INFO  o.s.w.s.m.m.a.RequestMappingHandlerMapping 549 - Mapped "{[/auth/signin/trucks],methods=[POST]}" onto public cn.tycoding.domain.Truck cn.tycoding.resource.AuthenticationController.truckSignin(cn.tycoding.domain.Truck)
2019-10-23 14:29:14,925 [main] INFO  o.s.w.s.m.m.a.RequestMappingHandlerMapping 549 - Mapped "{[/auth/signin/shippers],methods=[POST]}" onto public cn.tycoding.domain.Shipper cn.tycoding.resource.AuthenticationController.shipperSignin(cn.tycoding.domain.Shipper)
2019-10-23 14:29:14,925 [main] INFO  o.s.w.s.m.m.a.RequestMappingHandlerMapping 549 - Mapped "{[/auth/signin/receivers],methods=[POST]}" onto public cn.tycoding.domain.Receiver cn.tycoding.resource.AuthenticationController.receiverSignin(cn.tycoding.domain.Receiver)
2019-10-23 14:29:14,926 [main] INFO  o.s.w.s.m.m.a.RequestMappingHandlerMapping 549 - Mapped "{[/bank-accounts],methods=[GET]}" onto public java.util.List<cn.tycoding.domain.BankAccount> cn.tycoding.resource.BankAccountResource.getAll()
2019-10-23 14:29:14,927 [main] INFO  o.s.w.s.m.m.a.RequestMappingHandlerMapping 549 - Mapped "{[/bank-accounts/money-log/{id}/{type}],methods=[GET]}" onto public java.lang.String cn.tycoding.resource.BankAccountResource.findTruckById(int,java.lang.String)
2019-10-23 14:29:14,929 [main] INFO  o.s.w.s.m.m.a.RequestMappingHandlerMapping 549 - Mapped "{[/bids],methods=[POST]}" onto public java.util.Map<java.lang.String, java.lang.Object> cn.tycoding.resource.BidResource.bidCargo(cn.tycoding.domain.Bid)
2019-10-23 14:29:14,929 [main] INFO  o.s.w.s.m.m.a.RequestMappingHandlerMapping 549 - Mapped "{[/bids/{cargoId}],methods=[GET]}" onto public cn.tycoding.domain.Cargo cn.tycoding.resource.BidResource.stopBid(int)
2019-10-23 14:29:14,937 [main] INFO  o.s.w.s.m.m.a.RequestMappingHandlerMapping 549 - Mapped "{[/cargos/position/{truckId}/{position}],methods=[PUT]}" onto public java.util.List<cn.tycoding.domain.Cargo> cn.tycoding.resource.CargoResource.refreshPosition(int,java.lang.String)
2019-10-23 14:29:14,937 [main] INFO  o.s.w.s.m.m.a.RequestMappingHandlerMapping 549 - Mapped "{[/cargos/complete-ratio/{cargoId}/{ratio}],methods=[PUT]}" onto public cn.tycoding.domain.Cargo cn.tycoding.resource.CargoResource.refreshPosition(int,java.lang.Double)
2019-10-23 14:29:14,938 [main] INFO  o.s.w.s.m.m.a.RequestMappingHandlerMapping 549 - Mapped "{[/cargos],methods=[GET]}" onto public java.util.List<cn.tycoding.domain.Cargo> cn.tycoding.resource.CargoResource.getAllCargos()
2019-10-23 14:29:14,938 [main] INFO  o.s.w.s.m.m.a.RequestMappingHandlerMapping 549 - Mapped "{[/cargos/{cargoId}],methods=[GET]}" onto public cn.tycoding.domain.Cargo cn.tycoding.resource.CargoResource.getCargoById(int)
2019-10-23 14:29:14,938 [main] INFO  o.s.w.s.m.m.a.RequestMappingHandlerMapping 549 - Mapped "{[/cargos],methods=[POST]}" onto public cn.tycoding.domain.Cargo cn.tycoding.resource.CargoResource.createCargo(cn.tycoding.domain.Cargo)
2019-10-23 14:29:14,939 [main] INFO  o.s.w.s.m.m.a.RequestMappingHandlerMapping 549 - Mapped "{[/cargos/{cargoId}],methods=[PUT]}" onto public cn.tycoding.domain.Cargo cn.tycoding.resource.CargoResource.startCargo(int)
2019-10-23 14:29:14,939 [main] INFO  o.s.w.s.m.m.a.RequestMappingHandlerMapping 549 - Mapped "{[/cargos/{id}/withdraw],methods=[DELETE]}" onto public cn.tycoding.domain.Cargo cn.tycoding.resource.CargoResource.withdrawalCargo(int)
2019-10-23 14:29:14,939 [main] INFO  o.s.w.s.m.m.a.RequestMappingHandlerMapping 549 - Mapped "{[/cargos/{cargoId}/{freightFare}/transfer],methods=[PUT]}" onto public cn.tycoding.domain.Cargo cn.tycoding.resource.CargoResource.getCargo(int,double)
2019-10-23 14:29:14,939 [main] INFO  o.s.w.s.m.m.a.RequestMappingHandlerMapping 549 - Mapped "{[/cargos/{part}/{id}],methods=[GET]}" onto public java.util.List<cn.tycoding.domain.Cargo> cn.tycoding.resource.CargoResource.getTruckAllCargos(java.lang.String,int)
2019-10-23 14:29:14,940 [main] INFO  o.s.w.s.m.m.a.RequestMappingHandlerMapping 549 - Mapped "{[/cargos/cargo-status/{status}],methods=[GET]}" onto public java.util.List<cn.tycoding.domain.Cargo> cn.tycoding.resource.CargoResource.getAllNormalCargos(int)
2019-10-23 14:29:14,940 [main] INFO  o.s.w.s.m.m.a.RequestMappingHandlerMapping 549 - Mapped "{[/cargos/cargo-status-13/{cargoId}],methods=[PUT]}" onto public cn.tycoding.domain.Cargo cn.tycoding.resource.CargoResource.statusChangeTo13(int)
2019-10-23 14:29:14,941 [main] INFO  o.s.w.s.m.m.a.RequestMappingHandlerMapping 549 - Mapped "{[/cargos/cargo-status-14/{cargoId}],methods=[PUT]}" onto public cn.tycoding.domain.Cargo cn.tycoding.resource.CargoResource.statusChangeTo14(int)
2019-10-23 14:29:14,941 [main] INFO  o.s.w.s.m.m.a.RequestMappingHandlerMapping 549 - Mapped "{[/cargos/transferred-cargos/{preCargoId}],methods=[GET]}" onto public java.util.List<cn.tycoding.domain.Cargo> cn.tycoding.resource.CargoResource.getAllTransCargos(int)
2019-10-23 14:29:14,943 [main] INFO  o.s.w.s.m.m.a.RequestMappingHandlerMapping 549 - Mapped "{[/insurance-accounts],methods=[GET]}" onto public java.util.List<cn.tycoding.domain.InsuranceAccount> cn.tycoding.resource.InsuranceAccountResource.getAll()
2019-10-23 14:29:14,943 [main] INFO  o.s.w.s.m.m.a.RequestMappingHandlerMapping 549 - Mapped "{[/insurance-accounts/money-log/{id}/{type}],methods=[GET]}" onto public java.lang.String cn.tycoding.resource.InsuranceAccountResource.findTruckById(int,java.lang.String)
2019-10-23 14:29:14,949 [main] INFO  o.s.w.s.m.m.a.RequestMappingHandlerMapping 549 - Mapped "{[/platform],methods=[POST]}" onto public cn.tycoding.domain.Platform cn.tycoding.resource.PlatformResource.setPlatformElem(cn.tycoding.domain.Platform)
2019-10-23 14:29:14,949 [main] INFO  o.s.w.s.m.m.a.RequestMappingHandlerMapping 549 - Mapped "{[/platform/params],methods=[GET]}" onto public cn.tycoding.domain.Platform cn.tycoding.resource.PlatformResource.showPlatformPara()
2019-10-23 14:29:14,950 [main] INFO  o.s.w.s.m.m.a.RequestMappingHandlerMapping 549 - Mapped "{[/platform/data],methods=[GET]}" onto public java.lang.String cn.tycoding.resource.PlatformResource.showPlatformList()
2019-10-23 14:29:14,950 [main] INFO  o.s.w.s.m.m.a.RequestMappingHandlerMapping 549 - Mapped "{[/platform/bid],methods=[GET]}" onto public java.util.List<cn.tycoding.domain.Bid> cn.tycoding.resource.PlatformResource.showAllBid()
2019-10-23 14:29:14,951 [main] INFO  o.s.w.s.m.m.a.RequestMappingHandlerMapping 549 - Mapped "{[/platform/crtAccount],methods=[GET]}" onto public double cn.tycoding.resource.PlatformResource.getCrtAccount()
2019-10-23 14:29:14,951 [main] INFO  o.s.w.s.m.m.a.RequestMappingHandlerMapping 549 - Mapped "{[/platform/{time}],methods=[GET]}" onto public double cn.tycoding.resource.PlatformResource.getCrtIncome(java.lang.String)
2019-10-23 14:29:14,952 [main] INFO  o.s.w.s.m.m.a.RequestMappingHandlerMapping 549 - Mapped "{[/platform/mon],methods=[GET]}" onto public double cn.tycoding.resource.PlatformResource.getCrtMonIncome()
2019-10-23 14:29:14,955 [main] INFO  o.s.w.s.m.m.a.RequestMappingHandlerMapping 549 - Mapped "{[/platform/day],methods=[GET]}" onto public double cn.tycoding.resource.PlatformResource.getCrtDayIncome()
2019-10-23 14:29:14,956 [main] INFO  o.s.w.s.m.m.a.RequestMappingHandlerMapping 549 - Mapped "{[/platform/{userType}/{id}],methods=[DELETE]}" onto public java.lang.String cn.tycoding.resource.PlatformResource.deleteReceiver(java.lang.String,int)
2019-10-23 14:29:14,961 [main] INFO  o.s.w.s.m.m.a.RequestMappingHandlerMapping 549 - Mapped "{[/receivers/{id}/activate],methods=[PUT]}" onto public cn.tycoding.domain.Receiver cn.tycoding.resource.ReceiverResource.active(int)
2019-10-23 14:29:14,965 [main] INFO  o.s.w.s.m.m.a.RequestMappingHandlerMapping 549 - Mapped "{[/receivers/{id}],methods=[DELETE]}" onto public java.lang.String cn.tycoding.resource.ReceiverResource.deleteReceiver(int)
2019-10-23 14:29:14,966 [main] INFO  o.s.w.s.m.m.a.RequestMappingHandlerMapping 549 - Mapped "{[/receivers/{id}],methods=[GET]}" onto public cn.tycoding.domain.Receiver cn.tycoding.resource.ReceiverResource.getReceiversById(int)
2019-10-23 14:29:14,967 [main] INFO  o.s.w.s.m.m.a.RequestMappingHandlerMapping 549 - Mapped "{[/receivers],methods=[GET]}" onto public java.util.List<cn.tycoding.domain.Receiver> cn.tycoding.resource.ReceiverResource.getAllReceiverr()
2019-10-23 14:29:14,968 [main] INFO  o.s.w.s.m.m.a.RequestMappingHandlerMapping 549 - Mapped "{[/receivers/inspections],methods=[POST]}" onto public java.lang.String cn.tycoding.resource.ReceiverResource.inspectionCargo(cn.tycoding.domain.Inspection)
2019-10-23 14:29:14,973 [main] INFO  o.s.w.s.m.m.a.RequestMappingHandlerMapping 549 - Mapped "{[/qunfa],methods=[GET]}" onto public java.util.Map<java.lang.String, java.lang.Object> cn.tycoding.resource.SendMsg.qunFa(java.lang.String)
2019-10-23 14:29:14,974 [main] INFO  o.s.w.s.m.m.a.RequestMappingHandlerMapping 549 - Mapped "{[/qunfa2],methods=[GET]}" onto public java.util.Map<java.lang.String, java.lang.Object> cn.tycoding.resource.SendMsg.qunFa2(java.lang.String)
2019-10-23 14:29:14,974 [main] INFO  o.s.w.s.m.m.a.RequestMappingHandlerMapping 549 - Mapped "{[/danfa],methods=[GET]}" onto public java.util.Map<java.lang.String, java.lang.Object> cn.tycoding.resource.SendMsg.danFa(java.lang.String,java.lang.String)
2019-10-23 14:29:14,976 [main] INFO  o.s.w.s.m.m.a.RequestMappingHandlerMapping 549 - Mapped "{[/shippers/{id}/activate],methods=[PUT]}" onto public cn.tycoding.domain.Shipper cn.tycoding.resource.ShipperResource.active(int)
2019-10-23 14:29:14,980 [main] INFO  o.s.w.s.m.m.a.RequestMappingHandlerMapping 549 - Mapped "{[/shippers/{id}],methods=[DELETE]}" onto public java.lang.String cn.tycoding.resource.ShipperResource.deleteShipper(int)
2019-10-23 14:29:14,981 [main] INFO  o.s.w.s.m.m.a.RequestMappingHandlerMapping 549 - Mapped "{[/shippers/{id}],methods=[GET]}" onto public cn.tycoding.domain.Shipper cn.tycoding.resource.ShipperResource.getShipperById(int)
2019-10-23 14:29:14,981 [main] INFO  o.s.w.s.m.m.a.RequestMappingHandlerMapping 549 - Mapped "{[/shippers],methods=[GET]}" onto public java.util.List<cn.tycoding.domain.Shipper> cn.tycoding.resource.ShipperResource.getAllShipper()
2019-10-23 14:29:14,982 [main] INFO  o.s.w.s.m.m.a.RequestMappingHandlerMapping 549 - Mapped "{[/shippers/ranking/{shipperId}/{rank}],methods=[PUT]}" onto public cn.tycoding.domain.Shipper cn.tycoding.resource.ShipperResource.setShipperRank(int,double)
2019-10-23 14:29:14,988 [main] INFO  o.s.w.s.m.m.a.RequestMappingHandlerMapping 549 - Mapped "{[/trucks/upload],methods=[POST]}" onto public java.lang.String cn.tycoding.resource.TruckResource.test(org.springframework.web.multipart.MultipartFile) throws java.lang.IllegalStateException,java.io.IOException
2019-10-23 14:29:14,989 [main] INFO  o.s.w.s.m.m.a.RequestMappingHandlerMapping 549 - Mapped "{[/trucks/{id}/activate],methods=[PUT]}" onto public cn.tycoding.domain.Truck cn.tycoding.resource.TruckResource.active(int)
2019-10-23 14:29:14,989 [main] INFO  o.s.w.s.m.m.a.RequestMappingHandlerMapping 549 - Mapped "{[/trucks/{id}],methods=[GET]}" onto public cn.tycoding.domain.Truck cn.tycoding.resource.TruckResource.findTruckById(int)
2019-10-23 14:29:14,990 [main] INFO  o.s.w.s.m.m.a.RequestMappingHandlerMapping 549 - Mapped "{[/trucks/{id}],methods=[DELETE]}" onto public java.lang.String cn.tycoding.resource.TruckResource.deleteTruck(int)
2019-10-23 14:29:14,992 [main] INFO  o.s.w.s.m.m.a.RequestMappingHandlerMapping 549 - Mapped "{[/trucks/destination/{cargoId}],methods=[PUT]}" onto public cn.tycoding.domain.Cargo cn.tycoding.resource.TruckResource.endShip(int)
2019-10-23 14:29:14,993 [main] INFO  o.s.w.s.m.m.a.RequestMappingHandlerMapping 549 - Mapped "{[/trucks],methods=[GET]}" onto public java.util.List<cn.tycoding.domain.Truck> cn.tycoding.resource.TruckResource.getAllTruck()
2019-10-23 14:29:14,994 [main] INFO  o.s.w.s.m.m.a.RequestMappingHandlerMapping 549 - Mapped "{[/trucks/cargoinfo/{id}],methods=[GET]}" onto public java.lang.String cn.tycoding.resource.TruckResource.findTrucksCargoNum(int)
2019-10-23 14:29:14,997 [main] INFO  o.s.w.s.m.m.a.RequestMappingHandlerMapping 549 - Mapped "{[/trucks/departure/{cargoId}],methods=[PUT]}" onto public cn.tycoding.domain.Cargo cn.tycoding.resource.TruckResource.startShip(int)
2019-10-23 14:29:15,009 [main] INFO  o.s.w.s.m.m.a.RequestMappingHandlerMapping 549 - Mapped "{[/trucks/ranking/{truckId}/{rank}],methods=[PUT]}" onto public cn.tycoding.domain.Truck cn.tycoding.resource.TruckResource.setTruckRank(int,double)
2019-10-23 14:29:15,025 [main] INFO  o.s.w.s.m.m.a.RequestMappingHandlerMapping 549 - Mapped "{[/error]}" onto public org.springframework.http.ResponseEntity<java.util.Map<java.lang.String, java.lang.Object>> org.springframework.boot.autoconfigure.web.servlet.error.BasicErrorController.error(javax.servlet.http.HttpServletRequest)
2019-10-23 14:29:15,030 [main] INFO  o.s.w.s.m.m.a.RequestMappingHandlerMapping 549 - Mapped "{[/error],produces=[text/html]}" onto public org.springframework.web.servlet.ModelAndView org.springframework.boot.autoconfigure.web.servlet.error.BasicErrorController.errorHtml(javax.servlet.http.HttpServletRequest,javax.servlet.http.HttpServletResponse)
2019-10-23 14:29:15,098 [main] INFO  o.s.w.s.h.SimpleUrlHandlerMapping 373 - Mapped URL path [/webjars/**] onto handler of type [class org.springframework.web.servlet.resource.ResourceHttpRequestHandler]
2019-10-23 14:29:15,099 [main] INFO  o.s.w.s.h.SimpleUrlHandlerMapping 373 - Mapped URL path [/**] onto handler of type [class org.springframework.web.servlet.resource.ResourceHttpRequestHandler]
2019-10-23 14:29:15,187 [main] WARN  o.s.b.a.t.ThymeleafAutoConfiguration$DefaultTemplateResolverConfiguration 104 - Cannot find template location: classpath:/templates/ (please add some templates or check your Thymeleaf configuration)
2019-10-23 14:29:15,201 [main] WARN  o.t.templatemode.TemplateMode 150 - [THYMELEAF][main] Template Mode 'LEGACYHTML5' is deprecated. Using Template Mode 'HTML' instead.
2019-10-23 14:29:16,000 [main] INFO  o.s.s.web.DefaultSecurityFilterChain 43 - Creating filter chain: org.springframework.security.web.util.matcher.AnyRequestMatcher@1, [org.springframework.security.web.context.request.async.WebAsyncManagerIntegrationFilter@dbda472, org.springframework.security.web.context.SecurityContextPersistenceFilter@44e79e9e, org.springframework.security.web.header.HeaderWriterFilter@2e62e227, org.springframework.web.filter.CorsFilter@2abbb435, org.springframework.security.web.authentication.logout.LogoutFilter@6595ffce, cn.tycoding.security.jwt.JwtTokenAuthenticationFilter@41492479, org.springframework.security.web.savedrequest.RequestCacheAwareFilter@4b99648a, org.springframework.security.web.servletapi.SecurityContextHolderAwareRequestFilter@49153009, org.springframework.security.web.authentication.AnonymousAuthenticationFilter@7bef7505, org.springframework.security.web.session.SessionManagementFilter@b529d7e, org.springframework.security.web.access.ExceptionTranslationFilter@3a12f3e7, org.springframework.security.web.access.intercept.FilterSecurityInterceptor@5c930fc3]
2019-10-23 14:29:16,112 [main] INFO  o.s.w.s.s.s.ServerEndpointExporter 153 - Registering @ServerEndpoint class: class cn.tycoding.websocket.MyWebSocket_bak
2019-10-23 14:29:16,118 [main] INFO  o.s.w.s.s.s.ServerEndpointExporter 153 - Registering @ServerEndpoint class: class cn.tycoding.websocket.WebSocketServer
2019-10-23 14:29:16,119 [main] INFO  o.s.w.s.s.s.ServerEndpointExporter 153 - Registering @ServerEndpoint class: class cn.tycoding.websocket.WebSocketTest
2019-10-23 14:29:16,120 [main] INFO  o.s.w.s.s.s.ServerEndpointExporter 153 - Registering @ServerEndpoint class: class cn.tycoding.websocket.WebSocketTest3
2019-10-23 14:29:16,120 [main] INFO  o.s.w.s.s.s.ServerEndpointExporter 153 - Registering @ServerEndpoint class: class cn.tycoding.websocket.WebSocketTest4
2019-10-23 14:29:16,121 [main] INFO  o.s.j.e.a.AnnotationMBeanExporter 433 - Registering beans for JMX exposure on startup
2019-10-23 14:29:16,123 [main] INFO  o.s.j.e.a.AnnotationMBeanExporter 895 - Bean with name 'statFilter' has been autodetected for JMX exposure
2019-10-23 14:29:16,124 [main] INFO  o.s.j.e.a.AnnotationMBeanExporter 895 - Bean with name 'dataSource' has been autodetected for JMX exposure
2019-10-23 14:29:16,131 [main] INFO  o.s.j.e.a.AnnotationMBeanExporter 895 - Bean with name 'rabbitConnectionFactory' has been autodetected for JMX exposure
2019-10-23 14:29:16,135 [main] INFO  o.s.j.e.a.AnnotationMBeanExporter 668 - Located MBean 'dataSource': registering with JMX server as MBean [com.alibaba.druid.spring.boot.autoconfigure:name=dataSource,type=DruidDataSourceWrapper]
2019-10-23 14:29:16,136 [main] INFO  o.s.j.e.a.AnnotationMBeanExporter 675 - Located managed bean 'rabbitConnectionFactory': registering with JMX server as MBean [org.springframework.amqp.rabbit.connection:name=rabbitConnectionFactory,type=CachingConnectionFactory]
2019-10-23 14:29:16,152 [main] INFO  o.s.j.e.a.AnnotationMBeanExporter 668 - Located MBean 'statFilter': registering with JMX server as MBean [com.alibaba.druid.filter.stat:name=statFilter,type=StatFilter]
2019-10-23 14:29:16,157 [main] INFO  o.s.c.s.DefaultLifecycleProcessor 356 - Starting beans in phase 2147483647
2019-10-23 14:29:16,168 [main] INFO  o.a.coyote.http11.Http11NioProtocol 180 - Starting ProtocolHandler ["http-nio-8080"]
2019-10-23 14:29:16,192 [main] INFO  o.a.tomcat.util.net.NioSelectorPool 180 - Using a shared selector for servlet write/read
2019-10-23 14:29:16,222 [main] INFO  o.s.b.w.e.tomcat.TomcatWebServer 206 - Tomcat started on port(s): 8080 (http) with context path ''
2019-10-23 14:29:16,226 [main] INFO  c.t.SpringbootSeckillApplication 59 - Started SpringbootSeckillApplication in 10.905 seconds (JVM running for 11.928)
2019-10-23 14:29:16,273 [main] INFO  o.h.h.i.QueryTranslatorFactoryInitiator 47 - HHH000397: Using ASTQueryTranslatorFactory
2019-10-23 15:07:01,335 [Thread-24] INFO  o.s.b.w.s.c.AnnotationConfigServletWebServerApplicationContext 993 - Closing org.springframework.boot.web.servlet.context.AnnotationConfigServletWebServerApplicationContext@44a7bfbc: startup date [Wed Oct 23 14:29:06 CST 2019]; root of context hierarchy
2019-10-23 15:07:01,367 [Thread-24] INFO  o.s.c.s.DefaultLifecycleProcessor 369 - Stopping beans in phase 2147483647
2019-10-23 15:07:01,369 [Thread-24] INFO  o.s.c.s.DefaultLifecycleProcessor 369 - Stopping beans in phase 0
2019-10-23 15:07:01,387 [Thread-24] INFO  o.s.j.e.a.AnnotationMBeanExporter 451 - Unregistering JMX-exposed beans on shutdown
2019-10-23 15:07:01,389 [Thread-24] INFO  o.s.j.e.a.AnnotationMBeanExporter 185 - Unregistering JMX-exposed beans
2019-10-23 15:07:01,426 [Thread-24] INFO  o.s.o.j.LocalContainerEntityManagerFactoryBean 597 - Closing JPA EntityManagerFactory for persistence unit 'default'
2019-10-23 15:07:01,446 [Thread-24] INFO  c.alibaba.druid.pool.DruidDataSource 1823 - {dataSource-1} closed
2019-10-23 15:07:12,435 [main] INFO  c.t.SpringbootSeckillApplication 50 - Starting SpringbootSeckillApplication on xqldeMacBook-Pro.local with PID 16777 (/Users/xql/IdeaProjects/logistics-platform/target/classes started by xql in /Users/xql/IdeaProjects/logistics-platform)
2019-10-23 15:07:12,442 [main] INFO  c.t.SpringbootSeckillApplication 684 - The following profiles are active: dev
2019-10-23 15:07:12,601 [main] INFO  o.s.b.w.s.c.AnnotationConfigServletWebServerApplicationContext 590 - Refreshing org.springframework.boot.web.servlet.context.AnnotationConfigServletWebServerApplicationContext@2cdd0d4b: startup date [Wed Oct 23 15:07:12 CST 2019]; root of context hierarchy
2019-10-23 15:07:13,489 [main] WARN  o.m.s.mapper.ClassPathMapperScanner 166 - No MyBatis mapper was found in '[cn.tycoding]' package. Please check your configuration.
2019-10-23 15:07:13,647 [main] INFO  o.s.d.r.c.RepositoryConfigurationDelegate 172 - Multiple Spring Data modules found, entering strict repository configuration mode!
2019-10-23 15:07:13,744 [main] INFO  o.s.d.r.c.RepositoryConfigurationExtensionSupport 291 - Spring Data JPA - Could not safely identify store assignment for repository candidate interface cn.tycoding.repository.FundsLogRepository.
2019-10-23 15:07:13,771 [main] INFO  o.s.d.r.c.RepositoryConfigurationExtensionSupport 291 - Spring Data JPA - Could not safely identify store assignment for repository candidate interface cn.tycoding.repository.SysLogRepository.
2019-10-23 15:07:13,833 [main] INFO  o.s.d.r.c.RepositoryConfigurationDelegate 172 - Multiple Spring Data modules found, entering strict repository configuration mode!
2019-10-23 15:07:13,840 [main] INFO  o.s.d.r.c.RepositoryConfigurationExtensionSupport 291 - Spring Data MongoDB - Could not safely identify store assignment for repository candidate interface cn.tycoding.repository.BankAccountRepository.
2019-10-23 15:07:13,841 [main] INFO  o.s.d.r.c.RepositoryConfigurationExtensionSupport 291 - Spring Data MongoDB - Could not safely identify store assignment for repository candidate interface cn.tycoding.repository.BidRepository.
2019-10-23 15:07:13,842 [main] INFO  o.s.d.r.c.RepositoryConfigurationExtensionSupport 291 - Spring Data MongoDB - Could not safely identify store assignment for repository candidate interface cn.tycoding.repository.CargoRepository.
2019-10-23 15:07:13,843 [main] INFO  o.s.d.r.c.RepositoryConfigurationExtensionSupport 291 - Spring Data MongoDB - Could not safely identify store assignment for repository candidate interface cn.tycoding.repository.InspectionRepository.
2019-10-23 15:07:13,844 [main] INFO  o.s.d.r.c.RepositoryConfigurationExtensionSupport 291 - Spring Data MongoDB - Could not safely identify store assignment for repository candidate interface cn.tycoding.repository.InsuranceAccountRepository.
2019-10-23 15:07:13,845 [main] INFO  o.s.d.r.c.RepositoryConfigurationExtensionSupport 291 - Spring Data MongoDB - Could not safely identify store assignment for repository candidate interface cn.tycoding.repository.PlatformRepository.
2019-10-23 15:07:13,845 [main] INFO  o.s.d.r.c.RepositoryConfigurationExtensionSupport 291 - Spring Data MongoDB - Could not safely identify store assignment for repository candidate interface cn.tycoding.repository.ReceiverRepository.
2019-10-23 15:07:13,845 [main] INFO  o.s.d.r.c.RepositoryConfigurationExtensionSupport 291 - Spring Data MongoDB - Could not safely identify store assignment for repository candidate interface cn.tycoding.repository.ShipperRepository.
2019-10-23 15:07:13,846 [main] INFO  o.s.d.r.c.RepositoryConfigurationExtensionSupport 291 - Spring Data MongoDB - Could not safely identify store assignment for repository candidate interface cn.tycoding.repository.TruckRepository.
2019-10-23 15:07:13,847 [main] INFO  o.s.d.r.c.RepositoryConfigurationExtensionSupport 291 - Spring Data MongoDB - Could not safely identify store assignment for repository candidate interface cn.tycoding.repository.UserRepository.
2019-10-23 15:07:14,167 [main] INFO  o.s.b.f.a.AutowiredAnnotationBeanPostProcessor 153 - JSR-330 'javax.inject.Inject' annotation found and supported for autowiring
2019-10-23 15:07:14,244 [main] INFO  o.s.c.s.PostProcessorRegistrationDelegate$BeanPostProcessorChecker 326 - Bean 'org.springframework.amqp.rabbit.annotation.RabbitBootstrapConfiguration' of type [org.springframework.amqp.rabbit.annotation.RabbitBootstrapConfiguration$$EnhancerBySpringCGLIB$$6b8688e1] is not eligible for getting processed by all BeanPostProcessors (for example: not eligible for auto-proxying)
2019-10-23 15:07:14,335 [main] INFO  o.s.c.s.PostProcessorRegistrationDelegate$BeanPostProcessorChecker 326 - Bean 'org.springframework.transaction.annotation.ProxyTransactionManagementConfiguration' of type [org.springframework.transaction.annotation.ProxyTransactionManagementConfiguration$$EnhancerBySpringCGLIB$$a51acab3] is not eligible for getting processed by all BeanPostProcessors (for example: not eligible for auto-proxying)
2019-10-23 15:07:14,943 [main] INFO  o.s.b.w.e.tomcat.TomcatWebServer 91 - Tomcat initialized with port(s): 8080 (http)
2019-10-23 15:07:14,956 [main] INFO  o.a.coyote.http11.Http11NioProtocol 180 - Initializing ProtocolHandler ["http-nio-8080"]
2019-10-23 15:07:14,966 [main] INFO  o.a.catalina.core.StandardService 180 - Starting service [Tomcat]
2019-10-23 15:07:14,966 [main] INFO  o.a.catalina.core.StandardEngine 180 - Starting Servlet Engine: Apache Tomcat/8.5.34
2019-10-23 15:07:14,971 [localhost-startStop-1] INFO  o.a.c.core.AprLifecycleListener 180 - The APR based Apache Tomcat Native library which allows optimal performance in production environments was not found on the java.library.path: [/Users/xql/Library/Java/Extensions:/Library/Java/Extensions:/Network/Library/Java/Extensions:/System/Library/Java/Extensions:/usr/lib/java:.]
2019-10-23 15:07:15,238 [localhost-startStop-1] INFO  org.apache.jasper.servlet.TldScanner 180 - At least one JAR was scanned for TLDs yet contained no TLDs. Enable debug logging for this logger for a complete list of JARs that were scanned but no TLDs were found in them. Skipping unneeded JARs during scanning can improve startup time and JSP compilation time.
2019-10-23 15:07:15,242 [localhost-startStop-1] INFO  o.a.c.c.C.[Tomcat].[localhost].[/] 180 - Initializing Spring embedded WebApplicationContext
2019-10-23 15:07:15,242 [localhost-startStop-1] INFO  o.s.web.context.ContextLoader 285 - Root WebApplicationContext: initialization completed in 2641 ms
2019-10-23 15:07:15,380 [localhost-startStop-1] INFO  o.s.b.w.s.FilterRegistrationBean 245 - Mapping filter: 'characterEncodingFilter' to: [/*]
2019-10-23 15:07:15,381 [localhost-startStop-1] INFO  o.s.b.w.s.FilterRegistrationBean 245 - Mapping filter: 'hiddenHttpMethodFilter' to: [/*]
2019-10-23 15:07:15,381 [localhost-startStop-1] INFO  o.s.b.w.s.FilterRegistrationBean 245 - Mapping filter: 'httpPutFormContentFilter' to: [/*]
2019-10-23 15:07:15,381 [localhost-startStop-1] INFO  o.s.b.w.s.FilterRegistrationBean 245 - Mapping filter: 'requestContextFilter' to: [/*]
2019-10-23 15:07:15,382 [localhost-startStop-1] INFO  o.s.b.w.s.DelegatingFilterProxyRegistrationBean 245 - Mapping filter: 'springSecurityFilterChain' to: [/*]
2019-10-23 15:07:15,382 [localhost-startStop-1] INFO  o.s.b.w.s.FilterRegistrationBean 258 - Mapping filter: 'webStatFilter' to urls: [/*]
2019-10-23 15:07:15,383 [localhost-startStop-1] INFO  o.s.b.w.s.FilterRegistrationBean 245 - Mapping filter: 'corsFilter' to: [/*]
2019-10-23 15:07:15,383 [localhost-startStop-1] INFO  o.s.b.w.s.ServletRegistrationBean 187 - Servlet dispatcherServlet mapped to [/]
2019-10-23 15:07:15,384 [localhost-startStop-1] INFO  o.s.b.w.s.ServletRegistrationBean 187 - Servlet statViewServlet mapped to [/druid/*]
2019-10-23 15:07:15,428 [main] INFO  c.a.d.s.b.a.DruidDataSourceAutoConfigure 56 - Init DruidDataSource
2019-10-23 15:07:15,953 [main] INFO  c.alibaba.druid.pool.DruidDataSource 928 - {dataSource-1} inited
2019-10-23 15:07:16,078 [main] INFO  o.s.o.j.LocalContainerEntityManagerFactoryBean 361 - Building JPA container EntityManagerFactory for persistence unit 'default'
2019-10-23 15:07:16,089 [main] INFO  o.h.jpa.internal.util.LogHelper 31 - HHH000204: Processing PersistenceUnitInfo [
	name: default
	...]
2019-10-23 15:07:16,142 [main] INFO  org.hibernate.Version 45 - HHH000412: Hibernate Core {5.2.1.Final}
2019-10-23 15:07:16,143 [main] INFO  org.hibernate.cfg.Environment 213 - HHH000206: hibernate.properties not found
2019-10-23 15:07:16,144 [main] INFO  org.hibernate.cfg.Environment 318 - HHH000021: Bytecode provider name : javassist
2019-10-23 15:07:16,176 [main] INFO  o.h.annotations.common.Version 66 - HCANN000001: Hibernate Commons Annotations {5.0.1.Final}
2019-10-23 15:07:16,284 [main] INFO  org.hibernate.dialect.Dialect 153 - HHH000400: Using dialect: org.hibernate.dialect.MySQL5Dialect
2019-10-23 15:07:19,114 [main] INFO  o.s.o.j.LocalContainerEntityManagerFactoryBean 415 - Initialized JPA EntityManagerFactory for persistence unit 'default'
2019-10-23 15:07:19,746 [main] INFO  org.mongodb.driver.cluster 71 - Cluster created with settings {hosts=[localhost:27017], mode=SINGLE, requiredClusterType=UNKNOWN, serverSelectionTimeout='30000 ms', maxWaitQueueSize=500}
2019-10-23 15:07:19,805 [cluster-ClusterId{value='5daffc2725242741899fc8a4', description='null'}-localhost:27017] INFO  org.mongodb.driver.connection 71 - Opened connection [connectionId{localValue:1, serverValue:9}] to localhost:27017
2019-10-23 15:07:19,811 [cluster-ClusterId{value='5daffc2725242741899fc8a4', description='null'}-localhost:27017] INFO  org.mongodb.driver.cluster 71 - Monitor thread successfully connected to server with description ServerDescription{address=localhost:27017, type=STANDALONE, state=CONNECTED, ok=true, version=ServerVersion{versionList=[4, 2, 0]}, minWireVersion=0, maxWireVersion=8, maxDocumentSize=16777216, logicalSessionTimeoutMinutes=30, roundTripTimeNanos=3479315}
2019-10-23 15:07:20,765 [main] INFO  c.t.r.RedisTemplateConfig$$EnhancerBySpringCGLIB$$18e2c620 34 - RedisTemplate序列化配置，转化方式：org.springframework.data.redis.serializer.Jackson2JsonRedisSerializer
2019-10-23 15:07:21,019 [main] INFO  cn.tycoding.redis.JedisConfig 47 - JedisPool注入成功
2019-10-23 15:07:21,020 [main] INFO  cn.tycoding.redis.JedisConfig 48 - redis地址：127.0.0.1:6379
2019-10-23 15:07:21,143 [main] INFO  o.s.w.s.h.SimpleUrlHandlerMapping 373 - Mapped URL path [/**/favicon.ico] onto handler of type [class org.springframework.web.servlet.resource.ResourceHttpRequestHandler]
2019-10-23 15:07:21,357 [main] INFO  o.s.w.s.m.m.a.RequestMappingHandlerAdapter 588 - Looking for @ControllerAdvice: org.springframework.boot.web.servlet.context.AnnotationConfigServletWebServerApplicationContext@2cdd0d4b: startup date [Wed Oct 23 15:07:12 CST 2019]; root of context hierarchy
2019-10-23 15:07:21,387 [main] WARN  o.s.b.a.o.j.JpaBaseConfiguration$JpaWebConfiguration$JpaWebMvcConfiguration 237 - spring.jpa.open-in-view is enabled by default. Therefore, database queries may be performed during view rendering. Explicitly configure spring.jpa.open-in-view to disable this warning
2019-10-23 15:07:21,419 [main] INFO  o.s.w.s.m.m.a.RequestMappingHandlerMapping 549 - Mapped "{[/auth/login/trucks],methods=[GET]}" onto public org.springframework.http.ResponseEntity cn.tycoding.resource.AuthenticationController.truckLogin(java.lang.String,java.lang.String)
2019-10-23 15:07:21,420 [main] INFO  o.s.w.s.m.m.a.RequestMappingHandlerMapping 549 - Mapped "{[/auth/login/shippers],methods=[GET]}" onto public org.springframework.http.ResponseEntity cn.tycoding.resource.AuthenticationController.shipperLogin(java.lang.String,java.lang.String)
2019-10-23 15:07:21,421 [main] INFO  o.s.w.s.m.m.a.RequestMappingHandlerMapping 549 - Mapped "{[/auth/login/receivers],methods=[GET]}" onto public org.springframework.http.ResponseEntity cn.tycoding.resource.AuthenticationController.ReceiverLogin(java.lang.String,java.lang.String)
2019-10-23 15:07:21,421 [main] INFO  o.s.w.s.m.m.a.RequestMappingHandlerMapping 549 - Mapped "{[/auth/login/platform],methods=[GET]}" onto public org.springframework.http.ResponseEntity cn.tycoding.resource.AuthenticationController.PlatformLogin(java.lang.String,java.lang.String)
2019-10-23 15:07:21,421 [main] INFO  o.s.w.s.m.m.a.RequestMappingHandlerMapping 549 - Mapped "{[/auth/signin/trucks],methods=[POST]}" onto public cn.tycoding.domain.Truck cn.tycoding.resource.AuthenticationController.truckSignin(cn.tycoding.domain.Truck)
2019-10-23 15:07:21,422 [main] INFO  o.s.w.s.m.m.a.RequestMappingHandlerMapping 549 - Mapped "{[/auth/signin/shippers],methods=[POST]}" onto public cn.tycoding.domain.Shipper cn.tycoding.resource.AuthenticationController.shipperSignin(cn.tycoding.domain.Shipper)
2019-10-23 15:07:21,422 [main] INFO  o.s.w.s.m.m.a.RequestMappingHandlerMapping 549 - Mapped "{[/auth/signin/receivers],methods=[POST]}" onto public cn.tycoding.domain.Receiver cn.tycoding.resource.AuthenticationController.receiverSignin(cn.tycoding.domain.Receiver)
2019-10-23 15:07:21,424 [main] INFO  o.s.w.s.m.m.a.RequestMappingHandlerMapping 549 - Mapped "{[/bank-accounts],methods=[GET]}" onto public java.util.List<cn.tycoding.domain.BankAccount> cn.tycoding.resource.BankAccountResource.getAll()
2019-10-23 15:07:21,425 [main] INFO  o.s.w.s.m.m.a.RequestMappingHandlerMapping 549 - Mapped "{[/bank-accounts/money-log/{id}/{type}],methods=[GET]}" onto public java.lang.String cn.tycoding.resource.BankAccountResource.findTruckById(int,java.lang.String)
2019-10-23 15:07:21,426 [main] INFO  o.s.w.s.m.m.a.RequestMappingHandlerMapping 549 - Mapped "{[/bids],methods=[POST]}" onto public java.util.Map<java.lang.String, java.lang.Object> cn.tycoding.resource.BidResource.bidCargo(cn.tycoding.domain.Bid)
2019-10-23 15:07:21,427 [main] INFO  o.s.w.s.m.m.a.RequestMappingHandlerMapping 549 - Mapped "{[/bids/{cargoId}],methods=[GET]}" onto public cn.tycoding.domain.Cargo cn.tycoding.resource.BidResource.stopBid(int)
2019-10-23 15:07:21,435 [main] INFO  o.s.w.s.m.m.a.RequestMappingHandlerMapping 549 - Mapped "{[/cargos/position/{truckId}/{position}],methods=[PUT]}" onto public java.util.List<cn.tycoding.domain.Cargo> cn.tycoding.resource.CargoResource.refreshPosition(int,java.lang.String)
2019-10-23 15:07:21,436 [main] INFO  o.s.w.s.m.m.a.RequestMappingHandlerMapping 549 - Mapped "{[/cargos/complete-ratio/{cargoId}/{ratio}],methods=[PUT]}" onto public cn.tycoding.domain.Cargo cn.tycoding.resource.CargoResource.refreshPosition(int,java.lang.Double)
2019-10-23 15:07:21,437 [main] INFO  o.s.w.s.m.m.a.RequestMappingHandlerMapping 549 - Mapped "{[/cargos],methods=[GET]}" onto public java.util.List<cn.tycoding.domain.Cargo> cn.tycoding.resource.CargoResource.getAllCargos()
2019-10-23 15:07:21,437 [main] INFO  o.s.w.s.m.m.a.RequestMappingHandlerMapping 549 - Mapped "{[/cargos/{cargoId}],methods=[GET]}" onto public cn.tycoding.domain.Cargo cn.tycoding.resource.CargoResource.getCargoById(int)
2019-10-23 15:07:21,437 [main] INFO  o.s.w.s.m.m.a.RequestMappingHandlerMapping 549 - Mapped "{[/cargos],methods=[POST]}" onto public cn.tycoding.domain.Cargo cn.tycoding.resource.CargoResource.createCargo(cn.tycoding.domain.Cargo)
2019-10-23 15:07:21,438 [main] INFO  o.s.w.s.m.m.a.RequestMappingHandlerMapping 549 - Mapped "{[/cargos/{cargoId}],methods=[PUT]}" onto public cn.tycoding.domain.Cargo cn.tycoding.resource.CargoResource.startCargo(int)
2019-10-23 15:07:21,438 [main] INFO  o.s.w.s.m.m.a.RequestMappingHandlerMapping 549 - Mapped "{[/cargos/{id}/withdraw],methods=[DELETE]}" onto public cn.tycoding.domain.Cargo cn.tycoding.resource.CargoResource.withdrawalCargo(int)
2019-10-23 15:07:21,438 [main] INFO  o.s.w.s.m.m.a.RequestMappingHandlerMapping 549 - Mapped "{[/cargos/{cargoId}/{freightFare}/transfer],methods=[PUT]}" onto public cn.tycoding.domain.Cargo cn.tycoding.resource.CargoResource.getCargo(int,double)
2019-10-23 15:07:21,439 [main] INFO  o.s.w.s.m.m.a.RequestMappingHandlerMapping 549 - Mapped "{[/cargos/{part}/{id}],methods=[GET]}" onto public java.util.List<cn.tycoding.domain.Cargo> cn.tycoding.resource.CargoResource.getTruckAllCargos(java.lang.String,int)
2019-10-23 15:07:21,439 [main] INFO  o.s.w.s.m.m.a.RequestMappingHandlerMapping 549 - Mapped "{[/cargos/cargo-status/{status}],methods=[GET]}" onto public java.util.List<cn.tycoding.domain.Cargo> cn.tycoding.resource.CargoResource.getAllNormalCargos(int)
2019-10-23 15:07:21,439 [main] INFO  o.s.w.s.m.m.a.RequestMappingHandlerMapping 549 - Mapped "{[/cargos/cargo-status-13/{cargoId}],methods=[PUT]}" onto public cn.tycoding.domain.Cargo cn.tycoding.resource.CargoResource.statusChangeTo13(int)
2019-10-23 15:07:21,440 [main] INFO  o.s.w.s.m.m.a.RequestMappingHandlerMapping 549 - Mapped "{[/cargos/cargo-status-14/{cargoId}],methods=[PUT]}" onto public cn.tycoding.domain.Cargo cn.tycoding.resource.CargoResource.statusChangeTo14(int)
2019-10-23 15:07:21,440 [main] INFO  o.s.w.s.m.m.a.RequestMappingHandlerMapping 549 - Mapped "{[/cargos/transferred-cargos/{preCargoId}],methods=[GET]}" onto public java.util.List<cn.tycoding.domain.Cargo> cn.tycoding.resource.CargoResource.getAllTransCargos(int)
2019-10-23 15:07:21,441 [main] INFO  o.s.w.s.m.m.a.RequestMappingHandlerMapping 549 - Mapped "{[/insurance-accounts],methods=[GET]}" onto public java.util.List<cn.tycoding.domain.InsuranceAccount> cn.tycoding.resource.InsuranceAccountResource.getAll()
2019-10-23 15:07:21,441 [main] INFO  o.s.w.s.m.m.a.RequestMappingHandlerMapping 549 - Mapped "{[/insurance-accounts/money-log/{id}/{type}],methods=[GET]}" onto public java.lang.String cn.tycoding.resource.InsuranceAccountResource.findTruckById(int,java.lang.String)
2019-10-23 15:07:21,445 [main] INFO  o.s.w.s.m.m.a.RequestMappingHandlerMapping 549 - Mapped "{[/platform],methods=[POST]}" onto public cn.tycoding.domain.Platform cn.tycoding.resource.PlatformResource.setPlatformElem(cn.tycoding.domain.Platform)
2019-10-23 15:07:21,446 [main] INFO  o.s.w.s.m.m.a.RequestMappingHandlerMapping 549 - Mapped "{[/platform/params],methods=[GET]}" onto public cn.tycoding.domain.Platform cn.tycoding.resource.PlatformResource.showPlatformPara()
2019-10-23 15:07:21,446 [main] INFO  o.s.w.s.m.m.a.RequestMappingHandlerMapping 549 - Mapped "{[/platform/data],methods=[GET]}" onto public java.lang.String cn.tycoding.resource.PlatformResource.showPlatformList()
2019-10-23 15:07:21,446 [main] INFO  o.s.w.s.m.m.a.RequestMappingHandlerMapping 549 - Mapped "{[/platform/bid],methods=[GET]}" onto public java.util.List<cn.tycoding.domain.Bid> cn.tycoding.resource.PlatformResource.showAllBid()
2019-10-23 15:07:21,446 [main] INFO  o.s.w.s.m.m.a.RequestMappingHandlerMapping 549 - Mapped "{[/platform/crtAccount],methods=[GET]}" onto public double cn.tycoding.resource.PlatformResource.getCrtAccount()
2019-10-23 15:07:21,447 [main] INFO  o.s.w.s.m.m.a.RequestMappingHandlerMapping 549 - Mapped "{[/platform/{time}],methods=[GET]}" onto public double cn.tycoding.resource.PlatformResource.getCrtIncome(java.lang.String)
2019-10-23 15:07:21,447 [main] INFO  o.s.w.s.m.m.a.RequestMappingHandlerMapping 549 - Mapped "{[/platform/mon],methods=[GET]}" onto public double cn.tycoding.resource.PlatformResource.getCrtMonIncome()
2019-10-23 15:07:21,447 [main] INFO  o.s.w.s.m.m.a.RequestMappingHandlerMapping 549 - Mapped "{[/platform/day],methods=[GET]}" onto public double cn.tycoding.resource.PlatformResource.getCrtDayIncome()
2019-10-23 15:07:21,448 [main] INFO  o.s.w.s.m.m.a.RequestMappingHandlerMapping 549 - Mapped "{[/platform/{userType}/{id}],methods=[DELETE]}" onto public java.lang.String cn.tycoding.resource.PlatformResource.deleteReceiver(java.lang.String,int)
2019-10-23 15:07:21,449 [main] INFO  o.s.w.s.m.m.a.RequestMappingHandlerMapping 549 - Mapped "{[/receivers/{id}/activate],methods=[PUT]}" onto public cn.tycoding.domain.Receiver cn.tycoding.resource.ReceiverResource.active(int)
2019-10-23 15:07:21,449 [main] INFO  o.s.w.s.m.m.a.RequestMappingHandlerMapping 549 - Mapped "{[/receivers/{id}],methods=[DELETE]}" onto public java.lang.String cn.tycoding.resource.ReceiverResource.deleteReceiver(int)
2019-10-23 15:07:21,450 [main] INFO  o.s.w.s.m.m.a.RequestMappingHandlerMapping 549 - Mapped "{[/receivers/{id}],methods=[GET]}" onto public cn.tycoding.domain.Receiver cn.tycoding.resource.ReceiverResource.getReceiversById(int)
2019-10-23 15:07:21,450 [main] INFO  o.s.w.s.m.m.a.RequestMappingHandlerMapping 549 - Mapped "{[/receivers],methods=[GET]}" onto public java.util.List<cn.tycoding.domain.Receiver> cn.tycoding.resource.ReceiverResource.getAllReceiverr()
2019-10-23 15:07:21,450 [main] INFO  o.s.w.s.m.m.a.RequestMappingHandlerMapping 549 - Mapped "{[/receivers/inspections],methods=[POST]}" onto public java.lang.String cn.tycoding.resource.ReceiverResource.inspectionCargo(cn.tycoding.domain.Inspection)
2019-10-23 15:07:21,452 [main] INFO  o.s.w.s.m.m.a.RequestMappingHandlerMapping 549 - Mapped "{[/qunfa],methods=[GET]}" onto public java.util.Map<java.lang.String, java.lang.Object> cn.tycoding.resource.SendMsg.qunFa(java.lang.String)
2019-10-23 15:07:21,453 [main] INFO  o.s.w.s.m.m.a.RequestMappingHandlerMapping 549 - Mapped "{[/qunfa2],methods=[GET]}" onto public java.util.Map<java.lang.String, java.lang.Object> cn.tycoding.resource.SendMsg.qunFa2(java.lang.String)
2019-10-23 15:07:21,454 [main] INFO  o.s.w.s.m.m.a.RequestMappingHandlerMapping 549 - Mapped "{[/danfa],methods=[GET]}" onto public java.util.Map<java.lang.String, java.lang.Object> cn.tycoding.resource.SendMsg.danFa(java.lang.String,java.lang.String)
2019-10-23 15:07:21,456 [main] INFO  o.s.w.s.m.m.a.RequestMappingHandlerMapping 549 - Mapped "{[/shippers/{id}/activate],methods=[PUT]}" onto public cn.tycoding.domain.Shipper cn.tycoding.resource.ShipperResource.active(int)
2019-10-23 15:07:21,456 [main] INFO  o.s.w.s.m.m.a.RequestMappingHandlerMapping 549 - Mapped "{[/shippers/{id}],methods=[DELETE]}" onto public java.lang.String cn.tycoding.resource.ShipperResource.deleteShipper(int)
2019-10-23 15:07:21,457 [main] INFO  o.s.w.s.m.m.a.RequestMappingHandlerMapping 549 - Mapped "{[/shippers/{id}],methods=[GET]}" onto public cn.tycoding.domain.Shipper cn.tycoding.resource.ShipperResource.getShipperById(int)
2019-10-23 15:07:21,457 [main] INFO  o.s.w.s.m.m.a.RequestMappingHandlerMapping 549 - Mapped "{[/shippers],methods=[GET]}" onto public java.util.List<cn.tycoding.domain.Shipper> cn.tycoding.resource.ShipperResource.getAllShipper()
2019-10-23 15:07:21,457 [main] INFO  o.s.w.s.m.m.a.RequestMappingHandlerMapping 549 - Mapped "{[/shippers/ranking/{shipperId}/{rank}],methods=[PUT]}" onto public cn.tycoding.domain.Shipper cn.tycoding.resource.ShipperResource.setShipperRank(int,double)
2019-10-23 15:07:21,459 [main] INFO  o.s.w.s.m.m.a.RequestMappingHandlerMapping 549 - Mapped "{[/trucks/upload],methods=[POST]}" onto public java.lang.String cn.tycoding.resource.TruckResource.test(org.springframework.web.multipart.MultipartFile) throws java.lang.IllegalStateException,java.io.IOException
2019-10-23 15:07:21,460 [main] INFO  o.s.w.s.m.m.a.RequestMappingHandlerMapping 549 - Mapped "{[/trucks/{id}/activate],methods=[PUT]}" onto public cn.tycoding.domain.Truck cn.tycoding.resource.TruckResource.active(int)
2019-10-23 15:07:21,460 [main] INFO  o.s.w.s.m.m.a.RequestMappingHandlerMapping 549 - Mapped "{[/trucks/{id}],methods=[GET]}" onto public cn.tycoding.domain.Truck cn.tycoding.resource.TruckResource.findTruckById(int)
2019-10-23 15:07:21,460 [main] INFO  o.s.w.s.m.m.a.RequestMappingHandlerMapping 549 - Mapped "{[/trucks/{id}],methods=[DELETE]}" onto public java.lang.String cn.tycoding.resource.TruckResource.deleteTruck(int)
2019-10-23 15:07:21,461 [main] INFO  o.s.w.s.m.m.a.RequestMappingHandlerMapping 549 - Mapped "{[/trucks/destination/{cargoId}],methods=[PUT]}" onto public cn.tycoding.domain.Cargo cn.tycoding.resource.TruckResource.endShip(int)
2019-10-23 15:07:21,461 [main] INFO  o.s.w.s.m.m.a.RequestMappingHandlerMapping 549 - Mapped "{[/trucks],methods=[GET]}" onto public java.util.List<cn.tycoding.domain.Truck> cn.tycoding.resource.TruckResource.getAllTruck()
2019-10-23 15:07:21,461 [main] INFO  o.s.w.s.m.m.a.RequestMappingHandlerMapping 549 - Mapped "{[/trucks/cargoinfo/{id}],methods=[GET]}" onto public java.lang.String cn.tycoding.resource.TruckResource.findTrucksCargoNum(int)
2019-10-23 15:07:21,462 [main] INFO  o.s.w.s.m.m.a.RequestMappingHandlerMapping 549 - Mapped "{[/trucks/departure/{cargoId}],methods=[PUT]}" onto public cn.tycoding.domain.Cargo cn.tycoding.resource.TruckResource.startShip(int)
2019-10-23 15:07:21,462 [main] INFO  o.s.w.s.m.m.a.RequestMappingHandlerMapping 549 - Mapped "{[/trucks/ranking/{truckId}/{rank}],methods=[PUT]}" onto public cn.tycoding.domain.Truck cn.tycoding.resource.TruckResource.setTruckRank(int,double)
2019-10-23 15:07:21,464 [main] INFO  o.s.w.s.m.m.a.RequestMappingHandlerMapping 549 - Mapped "{[/error]}" onto public org.springframework.http.ResponseEntity<java.util.Map<java.lang.String, java.lang.Object>> org.springframework.boot.autoconfigure.web.servlet.error.BasicErrorController.error(javax.servlet.http.HttpServletRequest)
2019-10-23 15:07:21,465 [main] INFO  o.s.w.s.m.m.a.RequestMappingHandlerMapping 549 - Mapped "{[/error],produces=[text/html]}" onto public org.springframework.web.servlet.ModelAndView org.springframework.boot.autoconfigure.web.servlet.error.BasicErrorController.errorHtml(javax.servlet.http.HttpServletRequest,javax.servlet.http.HttpServletResponse)
2019-10-23 15:07:21,501 [main] INFO  o.s.w.s.h.SimpleUrlHandlerMapping 373 - Mapped URL path [/webjars/**] onto handler of type [class org.springframework.web.servlet.resource.ResourceHttpRequestHandler]
2019-10-23 15:07:21,501 [main] INFO  o.s.w.s.h.SimpleUrlHandlerMapping 373 - Mapped URL path [/**] onto handler of type [class org.springframework.web.servlet.resource.ResourceHttpRequestHandler]
2019-10-23 15:07:21,561 [main] WARN  o.s.b.a.t.ThymeleafAutoConfiguration$DefaultTemplateResolverConfiguration 104 - Cannot find template location: classpath:/templates/ (please add some templates or check your Thymeleaf configuration)
2019-10-23 15:07:21,567 [main] WARN  o.t.templatemode.TemplateMode 150 - [THYMELEAF][main] Template Mode 'LEGACYHTML5' is deprecated. Using Template Mode 'HTML' instead.
2019-10-23 15:07:22,359 [main] INFO  o.s.s.web.DefaultSecurityFilterChain 43 - Creating filter chain: org.springframework.security.web.util.matcher.AnyRequestMatcher@1, [org.springframework.security.web.context.request.async.WebAsyncManagerIntegrationFilter@2b3abeeb, org.springframework.security.web.context.SecurityContextPersistenceFilter@570299e3, org.springframework.security.web.header.HeaderWriterFilter@3428420d, org.springframework.web.filter.CorsFilter@c7cdcb, org.springframework.security.web.authentication.logout.LogoutFilter@175bf9c9, cn.tycoding.security.jwt.JwtTokenAuthenticationFilter@3aeb267, org.springframework.security.web.savedrequest.RequestCacheAwareFilter@3beaa16d, org.springframework.security.web.servletapi.SecurityContextHolderAwareRequestFilter@21eedcde, org.springframework.security.web.authentication.AnonymousAuthenticationFilter@13a9cdae, org.springframework.security.web.session.SessionManagementFilter@74450c9b, org.springframework.security.web.access.ExceptionTranslationFilter@71df5f30, org.springframework.security.web.access.intercept.FilterSecurityInterceptor@5b715ea]
2019-10-23 15:07:22,469 [main] INFO  o.s.w.s.s.s.ServerEndpointExporter 153 - Registering @ServerEndpoint class: class cn.tycoding.websocket.MyWebSocket_bak
2019-10-23 15:07:22,475 [main] INFO  o.s.w.s.s.s.ServerEndpointExporter 153 - Registering @ServerEndpoint class: class cn.tycoding.websocket.WebSocketServer
2019-10-23 15:07:22,477 [main] INFO  o.s.w.s.s.s.ServerEndpointExporter 153 - Registering @ServerEndpoint class: class cn.tycoding.websocket.WebSocketTest
2019-10-23 15:07:22,477 [main] INFO  o.s.w.s.s.s.ServerEndpointExporter 153 - Registering @ServerEndpoint class: class cn.tycoding.websocket.WebSocketTest3
2019-10-23 15:07:22,478 [main] INFO  o.s.w.s.s.s.ServerEndpointExporter 153 - Registering @ServerEndpoint class: class cn.tycoding.websocket.WebSocketTest4
2019-10-23 15:07:22,479 [main] INFO  o.s.j.e.a.AnnotationMBeanExporter 433 - Registering beans for JMX exposure on startup
2019-10-23 15:07:22,481 [main] INFO  o.s.j.e.a.AnnotationMBeanExporter 895 - Bean with name 'statFilter' has been autodetected for JMX exposure
2019-10-23 15:07:22,481 [main] INFO  o.s.j.e.a.AnnotationMBeanExporter 895 - Bean with name 'dataSource' has been autodetected for JMX exposure
2019-10-23 15:07:22,489 [main] INFO  o.s.j.e.a.AnnotationMBeanExporter 895 - Bean with name 'rabbitConnectionFactory' has been autodetected for JMX exposure
2019-10-23 15:07:22,493 [main] INFO  o.s.j.e.a.AnnotationMBeanExporter 668 - Located MBean 'dataSource': registering with JMX server as MBean [com.alibaba.druid.spring.boot.autoconfigure:name=dataSource,type=DruidDataSourceWrapper]
2019-10-23 15:07:22,495 [main] INFO  o.s.j.e.a.AnnotationMBeanExporter 675 - Located managed bean 'rabbitConnectionFactory': registering with JMX server as MBean [org.springframework.amqp.rabbit.connection:name=rabbitConnectionFactory,type=CachingConnectionFactory]
2019-10-23 15:07:22,510 [main] INFO  o.s.j.e.a.AnnotationMBeanExporter 668 - Located MBean 'statFilter': registering with JMX server as MBean [com.alibaba.druid.filter.stat:name=statFilter,type=StatFilter]
2019-10-23 15:07:22,515 [main] INFO  o.s.c.s.DefaultLifecycleProcessor 356 - Starting beans in phase 2147483647
2019-10-23 15:07:22,527 [main] INFO  o.a.coyote.http11.Http11NioProtocol 180 - Starting ProtocolHandler ["http-nio-8080"]
2019-10-23 15:07:22,551 [main] INFO  o.a.tomcat.util.net.NioSelectorPool 180 - Using a shared selector for servlet write/read
2019-10-23 15:07:22,575 [main] INFO  o.s.b.w.e.tomcat.TomcatWebServer 206 - Tomcat started on port(s): 8080 (http) with context path ''
2019-10-23 15:07:22,583 [main] INFO  c.t.SpringbootSeckillApplication 59 - Started SpringbootSeckillApplication in 11.004 seconds (JVM running for 12.569)
2019-10-23 15:07:22,611 [main] INFO  o.h.h.i.QueryTranslatorFactoryInitiator 47 - HHH000397: Using ASTQueryTranslatorFactory
